WARNING:tensorflow:TensorFlow GPU support is not available on native Windows for TensorFlow >= 2.11. Even if CUDA/cuDNN are installed, GPU will not be used. Please use WSL2 or the TensorFlow-DirectML plugin.

ΓòÉΓòÉΓòÉΓòÉΓòÉΓòÉΓòÉΓòÉΓòÉΓòÉΓòÉΓòÉΓòÉΓòÉΓòÉΓòÉΓòÉΓòÉΓòÉΓòÉΓòÉΓòÉΓòÉΓòÉΓòÉΓòÉΓòÉΓòÉΓòÉΓòÉΓòÉΓòÉΓòÉΓòÉΓòÉΓòÉΓòÉΓòÉΓòÉΓòÉΓòÉΓòÉΓòÉΓòÉΓòÉΓòÉΓòÉΓòÉΓòÉΓòÉΓòÉΓòÉΓòÉΓòÉΓòÉΓòÉΓòÉΓòÉΓòÉΓòÉ
  SKIN LESION ABNORMALITY DETECTION ΓÇö DEEP LEARNING PIPELINE
ΓòÉΓòÉΓòÉΓòÉΓòÉΓòÉΓòÉΓòÉΓòÉΓòÉΓòÉΓòÉΓòÉΓòÉΓòÉΓòÉΓòÉΓòÉΓòÉΓòÉΓòÉΓòÉΓòÉΓòÉΓòÉΓòÉΓòÉΓòÉΓòÉΓòÉΓòÉΓòÉΓòÉΓòÉΓòÉΓòÉΓòÉΓòÉΓòÉΓòÉΓòÉΓòÉΓòÉΓòÉΓòÉΓòÉΓòÉΓòÉΓòÉΓòÉΓòÉΓòÉΓòÉΓòÉΓòÉΓòÉΓòÉΓòÉΓòÉΓòÉ
  TensorFlow  : 2.21.0
  GPU devices : None (CPU training)

[INFO] Dataset already exists (2000 images). Skipping.
[INFO] Building data pipelines...
  train: 1400 images | class_map = {'Abnormal': 0, 'Normal': 1}
  val  : 300 images | class_map = {'Abnormal': 0, 'Normal': 1}
  test : 300 images | class_map = {'Abnormal': 0, 'Normal': 1}
  Class mapping: {'Abnormal': 0, 'Normal': 1}

Downloading data from https://storage.googleapis.com/tensorflow/keras-applications/mobilenet_v2/mobilenet_v2_weights_tf_dim_ordering_tf_kernels_1.0_96_no_top.h5

[1m      0/9406464[0m [37mΓöüΓöüΓöüΓöüΓöüΓöüΓöüΓöüΓöüΓöüΓöüΓöüΓöüΓöüΓöüΓöüΓöüΓöüΓöüΓöü[0m [1m0s[0m 0s/step
[1m  16384/9406464[0m [37mΓöüΓöüΓöüΓöüΓöüΓöüΓöüΓöüΓöüΓöüΓöüΓöüΓöüΓöüΓöüΓöüΓöüΓöüΓöüΓöü[0m [1m35s[0m 4us/step
[1m  49152/9406464[0m [37mΓöüΓöüΓöüΓöüΓöüΓöüΓöüΓöüΓöüΓöüΓöüΓöüΓöüΓöüΓöüΓöüΓöüΓöüΓöüΓöü[0m [1m23s[0m 2us/step
[1m  81920/9406464[0m [37mΓöüΓöüΓöüΓöüΓöüΓöüΓöüΓöüΓöüΓöüΓöüΓöüΓöüΓöüΓöüΓöüΓöüΓöüΓöüΓöü[0m [1m20s[0m 2us/step
[1m 139264/9406464[0m [37mΓöüΓöüΓöüΓöüΓöüΓöüΓöüΓöüΓöüΓöüΓöüΓöüΓöüΓöüΓöüΓöüΓöüΓöüΓöüΓöü[0m [1m15s[0m 2us/step
[1m 188416/9406464[0m [37mΓöüΓöüΓöüΓöüΓöüΓöüΓöüΓöüΓöüΓöüΓöüΓöüΓöüΓöüΓöüΓöüΓöüΓöüΓöüΓöü[0m [1m14s[0m 2us/step
[1m 311296/9406464[0m [37mΓöüΓöüΓöüΓöüΓöüΓöüΓöüΓöüΓöüΓöüΓöüΓöüΓöüΓöüΓöüΓöüΓöüΓöüΓöüΓöü[0m [1m9s[0m 1us/step 
[1m 516096/9406464[0m [32mΓöü[0m[37mΓöüΓöüΓöüΓöüΓöüΓöüΓöüΓöüΓöüΓöüΓöüΓöüΓöüΓöüΓöüΓöüΓöüΓöüΓöü[0m [1m6s[0m 1us/step
[1m 663552/9406464[0m [32mΓöü[0m[37mΓöüΓöüΓöüΓöüΓöüΓöüΓöüΓöüΓöüΓöüΓöüΓöüΓöüΓöüΓöüΓöüΓöüΓöüΓöü[0m [1m5s[0m 1us/step
[1m1138688/9406464[0m [32mΓöüΓöü[0m[37mΓöüΓöüΓöüΓöüΓöüΓöüΓöüΓöüΓöüΓöüΓöüΓöüΓöüΓöüΓöüΓöüΓöüΓöü[0m [1m3s[0m 0us/step
[1m1744896/9406464[0m [32mΓöüΓöüΓöü[0m[37mΓöüΓöüΓöüΓöüΓöüΓöüΓöüΓöüΓöüΓöüΓöüΓöüΓöüΓöüΓöüΓöüΓöü[0m [1m2s[0m 0us/step
[1m2662400/9406464[0m [32mΓöüΓöüΓöüΓöüΓöü[0m[37mΓöüΓöüΓöüΓöüΓöüΓöüΓöüΓöüΓöüΓöüΓöüΓöüΓöüΓöüΓöü[0m [1m1s[0m 0us/step
[1m3760128/9406464[0m [32mΓöüΓöüΓöüΓöüΓöüΓöüΓöü[0m[37mΓöüΓöüΓöüΓöüΓöüΓöüΓöüΓöüΓöüΓöüΓöüΓöüΓöü[0m [1m0s[0m 0us/step
[1m4923392/9406464[0m [32mΓöüΓöüΓöüΓöüΓöüΓöüΓöüΓöüΓöüΓöü[0m[37mΓöüΓöüΓöüΓöüΓöüΓöüΓöüΓöüΓöüΓöü[0m [1m0s[0m 0us/step
[1m7479296/9406464[0m [32mΓöüΓöüΓöüΓöüΓöüΓöüΓöüΓöüΓöüΓöüΓöüΓöüΓöüΓöüΓöü[0m[37mΓöüΓöüΓöüΓöüΓöü[0m [1m0s[0m 0us/step
[1m8364032/9406464[0m [32mΓöüΓöüΓöüΓöüΓöüΓöüΓöüΓöüΓöüΓöüΓöüΓöüΓöüΓöüΓöüΓöüΓöü[0m[37mΓöüΓöüΓöü[0m [1m0s[0m 0us/step
[1m9406464/9406464[0m [32mΓöüΓöüΓöüΓöüΓöüΓöüΓöüΓöüΓöüΓöüΓöüΓöüΓöüΓöüΓöüΓöüΓöüΓöüΓöüΓöü[0m[37m[0m [1m1s[0m 0us/step
[INFO] MobileNetV2: 30 trainable layers, 124 frozen

[INFO] Model Summary:
Model: "SkinLesionClassifier"
ΓöîΓöÇΓöÇΓöÇΓöÇΓöÇΓöÇΓöÇΓöÇΓöÇΓöÇΓöÇΓöÇΓöÇΓöÇΓöÇΓöÇΓöÇΓöÇΓöÇΓöÇΓöÇΓöÇΓöÇΓöÇΓöÇΓöÇΓöÇΓöÇΓöÇΓöÇΓöÇΓöÇΓöÇΓö¼ΓöÇΓöÇΓöÇΓöÇΓöÇΓöÇΓöÇΓöÇΓöÇΓöÇΓöÇΓöÇΓöÇΓöÇΓöÇΓöÇΓöÇΓöÇΓöÇΓöÇΓöÇΓöÇΓöÇΓöÇΓö¼ΓöÇΓöÇΓöÇΓöÇΓöÇΓöÇΓöÇΓöÇΓöÇΓöÇΓöÇΓöÇΓöÇΓöÇΓöÇΓöÉ
Γöé Layer (type)                    Γöé Output Shape           Γöé       Param # Γöé
Γö£ΓöÇΓöÇΓöÇΓöÇΓöÇΓöÇΓöÇΓöÇΓöÇΓöÇΓöÇΓöÇΓöÇΓöÇΓöÇΓöÇΓöÇΓöÇΓöÇΓöÇΓöÇΓöÇΓöÇΓöÇΓöÇΓöÇΓöÇΓöÇΓöÇΓöÇΓöÇΓöÇΓöÇΓö╝ΓöÇΓöÇΓöÇΓöÇΓöÇΓöÇΓöÇΓöÇΓöÇΓöÇΓöÇΓöÇΓöÇΓöÇΓöÇΓöÇΓöÇΓöÇΓöÇΓöÇΓöÇΓöÇΓöÇΓöÇΓö╝ΓöÇΓöÇΓöÇΓöÇΓöÇΓöÇΓöÇΓöÇΓöÇΓöÇΓöÇΓöÇΓöÇΓöÇΓöÇΓöñ
Γöé input_layer_1 (InputLayer)      Γöé (None, 96, 96, 3)      Γöé             0 Γöé
Γö£ΓöÇΓöÇΓöÇΓöÇΓöÇΓöÇΓöÇΓöÇΓöÇΓöÇΓöÇΓöÇΓöÇΓöÇΓöÇΓöÇΓöÇΓöÇΓöÇΓöÇΓöÇΓöÇΓöÇΓöÇΓöÇΓöÇΓöÇΓöÇΓöÇΓöÇΓöÇΓöÇΓöÇΓö╝ΓöÇΓöÇΓöÇΓöÇΓöÇΓöÇΓöÇΓöÇΓöÇΓöÇΓöÇΓöÇΓöÇΓöÇΓöÇΓöÇΓöÇΓöÇΓöÇΓöÇΓöÇΓöÇΓöÇΓöÇΓö╝ΓöÇΓöÇΓöÇΓöÇΓöÇΓöÇΓöÇΓöÇΓöÇΓöÇΓöÇΓöÇΓöÇΓöÇΓöÇΓöñ
Γöé mobilenetv2_1.00_96             Γöé (None, 3, 3, 1280)     Γöé     2,257,984 Γöé
Γöé (Functional)                    Γöé                        Γöé               Γöé
Γö£ΓöÇΓöÇΓöÇΓöÇΓöÇΓöÇΓöÇΓöÇΓöÇΓöÇΓöÇΓöÇΓöÇΓöÇΓöÇΓöÇΓöÇΓöÇΓöÇΓöÇΓöÇΓöÇΓöÇΓöÇΓöÇΓöÇΓöÇΓöÇΓöÇΓöÇΓöÇΓöÇΓöÇΓö╝ΓöÇΓöÇΓöÇΓöÇΓöÇΓöÇΓöÇΓöÇΓöÇΓöÇΓöÇΓöÇΓöÇΓöÇΓöÇΓöÇΓöÇΓöÇΓöÇΓöÇΓöÇΓöÇΓöÇΓöÇΓö╝ΓöÇΓöÇΓöÇΓöÇΓöÇΓöÇΓöÇΓöÇΓöÇΓöÇΓöÇΓöÇΓöÇΓöÇΓöÇΓöñ
Γöé gap (GlobalAveragePooling2D)    Γöé (None, 1280)           Γöé             0 Γöé
Γö£ΓöÇΓöÇΓöÇΓöÇΓöÇΓöÇΓöÇΓöÇΓöÇΓöÇΓöÇΓöÇΓöÇΓöÇΓöÇΓöÇΓöÇΓöÇΓöÇΓöÇΓöÇΓöÇΓöÇΓöÇΓöÇΓöÇΓöÇΓöÇΓöÇΓöÇΓöÇΓöÇΓöÇΓö╝ΓöÇΓöÇΓöÇΓöÇΓöÇΓöÇΓöÇΓöÇΓöÇΓöÇΓöÇΓöÇΓöÇΓöÇΓöÇΓöÇΓöÇΓöÇΓöÇΓöÇΓöÇΓöÇΓöÇΓöÇΓö╝ΓöÇΓöÇΓöÇΓöÇΓöÇΓöÇΓöÇΓöÇΓöÇΓöÇΓöÇΓöÇΓöÇΓöÇΓöÇΓöñ
Γöé bn (BatchNormalization)         Γöé (None, 1280)           Γöé         5,120 Γöé
Γö£ΓöÇΓöÇΓöÇΓöÇΓöÇΓöÇΓöÇΓöÇΓöÇΓöÇΓöÇΓöÇΓöÇΓöÇΓöÇΓöÇΓöÇΓöÇΓöÇΓöÇΓöÇΓöÇΓöÇΓöÇΓöÇΓöÇΓöÇΓöÇΓöÇΓöÇΓöÇΓöÇΓöÇΓö╝ΓöÇΓöÇΓöÇΓöÇΓöÇΓöÇΓöÇΓöÇΓöÇΓöÇΓöÇΓöÇΓöÇΓöÇΓöÇΓöÇΓöÇΓöÇΓöÇΓöÇΓöÇΓöÇΓöÇΓöÇΓö╝ΓöÇΓöÇΓöÇΓöÇΓöÇΓöÇΓöÇΓöÇΓöÇΓöÇΓöÇΓöÇΓöÇΓöÇΓöÇΓöñ
Γöé dense1 (Dense)                  Γöé (None, 256)            Γöé       327,936 Γöé
Γö£ΓöÇΓöÇΓöÇΓöÇΓöÇΓöÇΓöÇΓöÇΓöÇΓöÇΓöÇΓöÇΓöÇΓöÇΓöÇΓöÇΓöÇΓöÇΓöÇΓöÇΓöÇΓöÇΓöÇΓöÇΓöÇΓöÇΓöÇΓöÇΓöÇΓöÇΓöÇΓöÇΓöÇΓö╝ΓöÇΓöÇΓöÇΓöÇΓöÇΓöÇΓöÇΓöÇΓöÇΓöÇΓöÇΓöÇΓöÇΓöÇΓöÇΓöÇΓöÇΓöÇΓöÇΓöÇΓöÇΓöÇΓöÇΓöÇΓö╝ΓöÇΓöÇΓöÇΓöÇΓöÇΓöÇΓöÇΓöÇΓöÇΓöÇΓöÇΓöÇΓöÇΓöÇΓöÇΓöñ
Γöé drop1 (Dropout)                 Γöé (None, 256)            Γöé             0 Γöé
Γö£ΓöÇΓöÇΓöÇΓöÇΓöÇΓöÇΓöÇΓöÇΓöÇΓöÇΓöÇΓöÇΓöÇΓöÇΓöÇΓöÇΓöÇΓöÇΓöÇΓöÇΓöÇΓöÇΓöÇΓöÇΓöÇΓöÇΓöÇΓöÇΓöÇΓöÇΓöÇΓöÇΓöÇΓö╝ΓöÇΓöÇΓöÇΓöÇΓöÇΓöÇΓöÇΓöÇΓöÇΓöÇΓöÇΓöÇΓöÇΓöÇΓöÇΓöÇΓöÇΓöÇΓöÇΓöÇΓöÇΓöÇΓöÇΓöÇΓö╝ΓöÇΓöÇΓöÇΓöÇΓöÇΓöÇΓöÇΓöÇΓöÇΓöÇΓöÇΓöÇΓöÇΓöÇΓöÇΓöñ
Γöé dense2 (Dense)                  Γöé (None, 128)            Γöé        32,896 Γöé
Γö£ΓöÇΓöÇΓöÇΓöÇΓöÇΓöÇΓöÇΓöÇΓöÇΓöÇΓöÇΓöÇΓöÇΓöÇΓöÇΓöÇΓöÇΓöÇΓöÇΓöÇΓöÇΓöÇΓöÇΓöÇΓöÇΓöÇΓöÇΓöÇΓöÇΓöÇΓöÇΓöÇΓöÇΓö╝ΓöÇΓöÇΓöÇΓöÇΓöÇΓöÇΓöÇΓöÇΓöÇΓöÇΓöÇΓöÇΓöÇΓöÇΓöÇΓöÇΓöÇΓöÇΓöÇΓöÇΓöÇΓöÇΓöÇΓöÇΓö╝ΓöÇΓöÇΓöÇΓöÇΓöÇΓöÇΓöÇΓöÇΓöÇΓöÇΓöÇΓöÇΓöÇΓöÇΓöÇΓöñ
Γöé drop2 (Dropout)                 Γöé (None, 128)            Γöé             0 Γöé
Γö£ΓöÇΓöÇΓöÇΓöÇΓöÇΓöÇΓöÇΓöÇΓöÇΓöÇΓöÇΓöÇΓöÇΓöÇΓöÇΓöÇΓöÇΓöÇΓöÇΓöÇΓöÇΓöÇΓöÇΓöÇΓöÇΓöÇΓöÇΓöÇΓöÇΓöÇΓöÇΓöÇΓöÇΓö╝ΓöÇΓöÇΓöÇΓöÇΓöÇΓöÇΓöÇΓöÇΓöÇΓöÇΓöÇΓöÇΓöÇΓöÇΓöÇΓöÇΓöÇΓöÇΓöÇΓöÇΓöÇΓöÇΓöÇΓöÇΓö╝ΓöÇΓöÇΓöÇΓöÇΓöÇΓöÇΓöÇΓöÇΓöÇΓöÇΓöÇΓöÇΓöÇΓöÇΓöÇΓöñ
Γöé output (Dense)                  Γöé (None, 1)              Γöé           129 Γöé
ΓööΓöÇΓöÇΓöÇΓöÇΓöÇΓöÇΓöÇΓöÇΓöÇΓöÇΓöÇΓöÇΓöÇΓöÇΓöÇΓöÇΓöÇΓöÇΓöÇΓöÇΓöÇΓöÇΓöÇΓöÇΓöÇΓöÇΓöÇΓöÇΓöÇΓöÇΓöÇΓöÇΓöÇΓö┤ΓöÇΓöÇΓöÇΓöÇΓöÇΓöÇΓöÇΓöÇΓöÇΓöÇΓöÇΓöÇΓöÇΓöÇΓöÇΓöÇΓöÇΓöÇΓöÇΓöÇΓöÇΓöÇΓöÇΓöÇΓö┤ΓöÇΓöÇΓöÇΓöÇΓöÇΓöÇΓöÇΓöÇΓöÇΓöÇΓöÇΓöÇΓöÇΓöÇΓöÇΓöÿ
 Total params: 2,624,065 (10.01 MB)
 Trainable params: 1,889,921 (7.21 MB)
 Non-trainable params: 734,144 (2.80 MB)

============================================================
  TRAINING ΓÇö MobileNetV2 + Custom Head
============================================================
[INFO] Class weights: {0: 1.0, 1: 1.0}
Epoch 1/30

[1m 1/44[0m [37mΓöüΓöüΓöüΓöüΓöüΓöüΓöüΓöüΓöüΓöüΓöüΓöüΓöüΓöüΓöüΓöüΓöüΓöüΓöüΓöü[0m [1m4:19[0m 6s/step - accuracy: 0.3750 - loss: 1.3641
[1m 2/44[0m [37mΓöüΓöüΓöüΓöüΓöüΓöüΓöüΓöüΓöüΓöüΓöüΓöüΓöüΓöüΓöüΓöüΓöüΓöüΓöüΓöü[0m [1m10s[0m 254ms/step - accuracy: 0.5078 - loss: 1.0861
[1m 3/44[0m [32mΓöü[0m[37mΓöüΓöüΓöüΓöüΓöüΓöüΓöüΓöüΓöüΓöüΓöüΓöüΓöüΓöüΓöüΓöüΓöüΓöüΓöü[0m [1m7s[0m 182ms/step - accuracy: 0.5920 - loss: 0.9093 
[1m 4/44[0m [32mΓöü[0m[37mΓöüΓöüΓöüΓöüΓöüΓöüΓöüΓöüΓöüΓöüΓöüΓöüΓöüΓöüΓöüΓöüΓöüΓöüΓöü[0m [1m6s[0m 158ms/step - accuracy: 0.6491 - loss: 0.7877
[1m 5/44[0m [32mΓöüΓöü[0m[37mΓöüΓöüΓöüΓöüΓöüΓöüΓöüΓöüΓöüΓöüΓöüΓöüΓöüΓöüΓöüΓöüΓöüΓöü[0m [1m5s[0m 145ms/step - accuracy: 0.6905 - loss: 0.7000
[1m 6/44[0m [32mΓöüΓöü[0m[37mΓöüΓöüΓöüΓöüΓöüΓöüΓöüΓöüΓöüΓöüΓöüΓöüΓöüΓöüΓöüΓöüΓöüΓöü[0m [1m5s[0m 136ms/step - accuracy: 0.7221 - loss: 0.6320
[1m 7/44[0m [32mΓöüΓöüΓöü[0m[37mΓöüΓöüΓöüΓöüΓöüΓöüΓöüΓöüΓöüΓöüΓöüΓöüΓöüΓöüΓöüΓöüΓöü[0m [1m4s[0m 130ms/step - accuracy: 0.7472 - loss: 0.5777
[1m 8/44[0m [32mΓöüΓöüΓöü[0m[37mΓöüΓöüΓöüΓöüΓöüΓöüΓöüΓöüΓöüΓöüΓöüΓöüΓöüΓöüΓöüΓöüΓöü[0m [1m4s[0m 127ms/step - accuracy: 0.7675 - loss: 0.5331
[1m 9/44[0m [32mΓöüΓöüΓöüΓöü[0m[37mΓöüΓöüΓöüΓöüΓöüΓöüΓöüΓöüΓöüΓöüΓöüΓöüΓöüΓöüΓöüΓöü[0m [1m4s[0m 124ms/step - accuracy: 0.7845 - loss: 0.4957
[1m10/44[0m [32mΓöüΓöüΓöüΓöü[0m[37mΓöüΓöüΓöüΓöüΓöüΓöüΓöüΓöüΓöüΓöüΓöüΓöüΓöüΓöüΓöüΓöü[0m [1m4s[0m 124ms/step - accuracy: 0.7989 - loss: 0.4640
[1m11/44[0m [32mΓöüΓöüΓöüΓöüΓöü[0m[37mΓöüΓöüΓöüΓöüΓöüΓöüΓöüΓöüΓöüΓöüΓöüΓöüΓöüΓöüΓöü[0m [1m4s[0m 125ms/step - accuracy: 0.8112 - loss: 0.4366
[1m12/44[0m [32mΓöüΓöüΓöüΓöüΓöü[0m[37mΓöüΓöüΓöüΓöüΓöüΓöüΓöüΓöüΓöüΓöüΓöüΓöüΓöüΓöüΓöü[0m [1m3s[0m 123ms/step - accuracy: 0.8219 - loss: 0.4126
[1m13/44[0m [32mΓöüΓöüΓöüΓöüΓöü[0m[37mΓöüΓöüΓöüΓöüΓöüΓöüΓöüΓöüΓöüΓöüΓöüΓöüΓöüΓöüΓöü[0m [1m3s[0m 121ms/step - accuracy: 0.8314 - loss: 0.3914
[1m14/44[0m [32mΓöüΓöüΓöüΓöüΓöüΓöü[0m[37mΓöüΓöüΓöüΓöüΓöüΓöüΓöüΓöüΓöüΓöüΓöüΓöüΓöüΓöü[0m [1m3s[0m 121ms/step - accuracy: 0.8398 - loss: 0.3726
[1m15/44[0m [32mΓöüΓöüΓöüΓöüΓöüΓöü[0m[37mΓöüΓöüΓöüΓöüΓöüΓöüΓöüΓöüΓöüΓöüΓöüΓöüΓöüΓöü[0m [1m3s[0m 122ms/step - accuracy: 0.8473 - loss: 0.3557
[1m16/44[0m [32mΓöüΓöüΓöüΓöüΓöüΓöüΓöü[0m[37mΓöüΓöüΓöüΓöüΓöüΓöüΓöüΓöüΓöüΓöüΓöüΓöüΓöü[0m [1m3s[0m 122ms/step - accuracy: 0.8540 - loss: 0.3404
[1m17/44[0m [32mΓöüΓöüΓöüΓöüΓöüΓöüΓöü[0m[37mΓöüΓöüΓöüΓöüΓöüΓöüΓöüΓöüΓöüΓöüΓöüΓöüΓöü[0m [1m3s[0m 122ms/step - accuracy: 0.8601 - loss: 0.3266
[1m18/44[0m [32mΓöüΓöüΓöüΓöüΓöüΓöüΓöüΓöü[0m[37mΓöüΓöüΓöüΓöüΓöüΓöüΓöüΓöüΓöüΓöüΓöüΓöü[0m [1m3s[0m 123ms/step - accuracy: 0.8656 - loss: 0.3140
[1m19/44[0m [32mΓöüΓöüΓöüΓöüΓöüΓöüΓöüΓöü[0m[37mΓöüΓöüΓöüΓöüΓöüΓöüΓöüΓöüΓöüΓöüΓöüΓöü[0m [1m3s[0m 125ms/step - accuracy: 0.8707 - loss: 0.3024
[1m20/44[0m [32mΓöüΓöüΓöüΓöüΓöüΓöüΓöüΓöüΓöü[0m[37mΓöüΓöüΓöüΓöüΓöüΓöüΓöüΓöüΓöüΓöüΓöü[0m [1m3s[0m 126ms/step - accuracy: 0.8754 - loss: 0.2917
[1m21/44[0m [32mΓöüΓöüΓöüΓöüΓöüΓöüΓöüΓöüΓöü[0m[37mΓöüΓöüΓöüΓöüΓöüΓöüΓöüΓöüΓöüΓöüΓöü[0m [1m2s[0m 127ms/step - accuracy: 0.8797 - loss: 0.2819
[1m22/44[0m [32mΓöüΓöüΓöüΓöüΓöüΓöüΓöüΓöüΓöüΓöü[0m[37mΓöüΓöüΓöüΓöüΓöüΓöüΓöüΓöüΓöüΓöü[0m [1m2s[0m 127ms/step - accuracy: 0.8837 - loss: 0.2728
[1m23/44[0m [32mΓöüΓöüΓöüΓöüΓöüΓöüΓöüΓöüΓöüΓöü[0m[37mΓöüΓöüΓöüΓöüΓöüΓöüΓöüΓöüΓöüΓöü[0m [1m2s[0m 127ms/step - accuracy: 0.8874 - loss: 0.2643
[1m24/44[0m [32mΓöüΓöüΓöüΓöüΓöüΓöüΓöüΓöüΓöüΓöü[0m[37mΓöüΓöüΓöüΓöüΓöüΓöüΓöüΓöüΓöüΓöü[0m [1m2s[0m 126ms/step - accuracy: 0.8908 - loss: 0.2564
[1m25/44[0m [32mΓöüΓöüΓöüΓöüΓöüΓöüΓöüΓöüΓöüΓöüΓöü[0m[37mΓöüΓöüΓöüΓöüΓöüΓöüΓöüΓöüΓöü[0m [1m2s[0m 126ms/step - accuracy: 0.8940 - loss: 0.2490
[1m26/44[0m [32mΓöüΓöüΓöüΓöüΓöüΓöüΓöüΓöüΓöüΓöüΓöü[0m[37mΓöüΓöüΓöüΓöüΓöüΓöüΓöüΓöüΓöü[0m [1m2s[0m 126ms/step - accuracy: 0.8971 - loss: 0.2421
[1m27/44[0m [32mΓöüΓöüΓöüΓöüΓöüΓöüΓöüΓöüΓöüΓöüΓöüΓöü[0m[37mΓöüΓöüΓöüΓöüΓöüΓöüΓöüΓöü[0m [1m2s[0m 127ms/step - accuracy: 0.8999 - loss: 0.2356
[1m28/44[0m [32mΓöüΓöüΓöüΓöüΓöüΓöüΓöüΓöüΓöüΓöüΓöüΓöü[0m[37mΓöüΓöüΓöüΓöüΓöüΓöüΓöüΓöü[0m [1m2s[0m 127ms/step - accuracy: 0.9025 - loss: 0.2294
[1m29/44[0m [32mΓöüΓöüΓöüΓöüΓöüΓöüΓöüΓöüΓöüΓöüΓöüΓöüΓöü[0m[37mΓöüΓöüΓöüΓöüΓöüΓöüΓöü[0m [1m1s[0m 128ms/step - accuracy: 0.9050 - loss: 0.2236
[1m30/44[0m [32mΓöüΓöüΓöüΓöüΓöüΓöüΓöüΓöüΓöüΓöüΓöüΓöüΓöü[0m[37mΓöüΓöüΓöüΓöüΓöüΓöüΓöü[0m [1m1s[0m 128ms/step - accuracy: 0.9074 - loss: 0.2182
[1m31/44[0m [32mΓöüΓöüΓöüΓöüΓöüΓöüΓöüΓöüΓöüΓöüΓöüΓöüΓöüΓöü[0m[37mΓöüΓöüΓöüΓöüΓöüΓöü[0m [1m1s[0m 128ms/step - accuracy: 0.9097 - loss: 0.2130
[1m32/44[0m [32mΓöüΓöüΓöüΓöüΓöüΓöüΓöüΓöüΓöüΓöüΓöüΓöüΓöüΓöü[0m[37mΓöüΓöüΓöüΓöüΓöüΓöü[0m [1m1s[0m 128ms/step - accuracy: 0.9118 - loss: 0.2081
[1m33/44[0m [32mΓöüΓöüΓöüΓöüΓöüΓöüΓöüΓöüΓöüΓöüΓöüΓöüΓöüΓöüΓöü[0m[37mΓöüΓöüΓöüΓöüΓöü[0m [1m1s[0m 128ms/step - accuracy: 0.9138 - loss: 0.2034
[1m34/44[0m [32mΓöüΓöüΓöüΓöüΓöüΓöüΓöüΓöüΓöüΓöüΓöüΓöüΓöüΓöüΓöü[0m[37mΓöüΓöüΓöüΓöüΓöü[0m [1m1s[0m 128ms/step - accuracy: 0.9157 - loss: 0.1990
[1m35/44[0m [32mΓöüΓöüΓöüΓöüΓöüΓöüΓöüΓöüΓöüΓöüΓöüΓöüΓöüΓöüΓöü[0m[37mΓöüΓöüΓöüΓöüΓöü[0m [1m1s[0m 128ms/step - accuracy: 0.9175 - loss: 0.1948
[1m36/44[0m [32mΓöüΓöüΓöüΓöüΓöüΓöüΓöüΓöüΓöüΓöüΓöüΓöüΓöüΓöüΓöüΓöü[0m[37mΓöüΓöüΓöüΓöü[0m [1m1s[0m 128ms/step - accuracy: 0.9193 - loss: 0.1907
[1m37/44[0m [32mΓöüΓöüΓöüΓöüΓöüΓöüΓöüΓöüΓöüΓöüΓöüΓöüΓöüΓöüΓöüΓöü[0m[37mΓöüΓöüΓöüΓöü[0m [1m0s[0m 128ms/step - accuracy: 0.9209 - loss: 0.1869
[1m38/44[0m [32mΓöüΓöüΓöüΓöüΓöüΓöüΓöüΓöüΓöüΓöüΓöüΓöüΓöüΓöüΓöüΓöüΓöü[0m[37mΓöüΓöüΓöü[0m [1m0s[0m 127ms/step - accuracy: 0.9225 - loss: 0.1832
[1m39/44[0m [32mΓöüΓöüΓöüΓöüΓöüΓöüΓöüΓöüΓöüΓöüΓöüΓöüΓöüΓöüΓöüΓöüΓöü[0m[37mΓöüΓöüΓöü[0m [1m0s[0m 127ms/step - accuracy: 0.9240 - loss: 0.1797
[1m40/44[0m [32mΓöüΓöüΓöüΓöüΓöüΓöüΓöüΓöüΓöüΓöüΓöüΓöüΓöüΓöüΓöüΓöüΓöüΓöü[0m[37mΓöüΓöü[0m [1m0s[0m 126ms/step - accuracy: 0.9255 - loss: 0.1763
[1m41/44[0m [32mΓöüΓöüΓöüΓöüΓöüΓöüΓöüΓöüΓöüΓöüΓöüΓöüΓöüΓöüΓöüΓöüΓöüΓöü[0m[37mΓöüΓöü[0m [1m0s[0m 125ms/step - accuracy: 0.9269 - loss: 0.1731
[1m42/44[0m [32mΓöüΓöüΓöüΓöüΓöüΓöüΓöüΓöüΓöüΓöüΓöüΓöüΓöüΓöüΓöüΓöüΓöüΓöüΓöü[0m[37mΓöü[0m [1m0s[0m 125ms/step - accuracy: 0.9282 - loss: 0.1700
[1m43/44[0m [32mΓöüΓöüΓöüΓöüΓöüΓöüΓöüΓöüΓöüΓöüΓöüΓöüΓöüΓöüΓöüΓöüΓöüΓöüΓöü[0m[37mΓöü[0m [1m0s[0m 124ms/step - accuracy: 0.9295 - loss: 0.1670
[1m44/44[0m [32mΓöüΓöüΓöüΓöüΓöüΓöüΓöüΓöüΓöüΓöüΓöüΓöüΓöüΓöüΓöüΓöüΓöüΓöüΓöüΓöü[0m[37m[0m [1m0s[0m 123ms/step - accuracy: 0.9307 - loss: 0.1641
Epoch 1: val_accuracy improved from None to 1.00000, saving model to C:\Users\gkdha\DS\ASSIGNMENT\output\skin_lesion_model.keras

Epoch 1: finished saving model to C:\Users\gkdha\DS\ASSIGNMENT\output\skin_lesion_model.keras

[1m44/44[0m [32mΓöüΓöüΓöüΓöüΓöüΓöüΓöüΓöüΓöüΓöüΓöüΓöüΓöüΓöüΓöüΓöüΓöüΓöüΓöüΓöü[0m[37m[0m [1m13s[0m 172ms/step - accuracy: 0.9836 - loss: 0.0409 - val_accuracy: 1.0000 - val_loss: 2.1438e-12 - learning_rate: 0.0010
Epoch 2/30

[1m 1/44[0m [37mΓöüΓöüΓöüΓöüΓöüΓöüΓöüΓöüΓöüΓöüΓöüΓöüΓöüΓöüΓöüΓöüΓöüΓöüΓöüΓöü[0m [1m9s[0m 225ms/step - accuracy: 1.0000 - loss: 1.6541e-04
[1m 2/44[0m [37mΓöüΓöüΓöüΓöüΓöüΓöüΓöüΓöüΓöüΓöüΓöüΓöüΓöüΓöüΓöüΓöüΓöüΓöüΓöüΓöü[0m [1m4s[0m 111ms/step - accuracy: 1.0000 - loss: 1.2466e-04
[1m 3/44[0m [32mΓöü[0m[37mΓöüΓöüΓöüΓöüΓöüΓöüΓöüΓöüΓöüΓöüΓöüΓöüΓöüΓöüΓöüΓöüΓöüΓöüΓöü[0m [1m4s[0m 109ms/step - accuracy: 1.0000 - loss: 1.0258e-04
[1m 4/44[0m [32mΓöü[0m[37mΓöüΓöüΓöüΓöüΓöüΓöüΓöüΓöüΓöüΓöüΓöüΓöüΓöüΓöüΓöüΓöüΓöüΓöüΓöü[0m [1m4s[0m 109ms/step - accuracy: 1.0000 - loss: 1.4056e-04
[1m 5/44[0m [32mΓöüΓöü[0m[37mΓöüΓöüΓöüΓöüΓöüΓöüΓöüΓöüΓöüΓöüΓöüΓöüΓöüΓöüΓöüΓöüΓöüΓöü[0m [1m4s[0m 109ms/step - accuracy: 1.0000 - loss: 1.8400e-04
[1m 6/44[0m [32mΓöüΓöü[0m[37mΓöüΓöüΓöüΓöüΓöüΓöüΓöüΓöüΓöüΓöüΓöüΓöüΓöüΓöüΓöüΓöüΓöüΓöü[0m [1m4s[0m 108ms/step - accuracy: 1.0000 - loss: 2.0308e-04
[1m 7/44[0m [32mΓöüΓöüΓöü[0m[37mΓöüΓöüΓöüΓöüΓöüΓöüΓöüΓöüΓöüΓöüΓöüΓöüΓöüΓöüΓöüΓöüΓöü[0m [1m3s[0m 108ms/step - accuracy: 1.0000 - loss: 2.1074e-04
[1m 8/44[0m [32mΓöüΓöüΓöü[0m[37mΓöüΓöüΓöüΓöüΓöüΓöüΓöüΓöüΓöüΓöüΓöüΓöüΓöüΓöüΓöüΓöüΓöü[0m [1m3s[0m 111ms/step - accuracy: 1.0000 - loss: 2.1247e-04
[1m 9/44[0m [32mΓöüΓöüΓöüΓöü[0m[37mΓöüΓöüΓöüΓöüΓöüΓöüΓöüΓöüΓöüΓöüΓöüΓöüΓöüΓöüΓöüΓöü[0m [1m3s[0m 112ms/step - accuracy: 1.0000 - loss: 2.1108e-04
[1m10/44[0m [32mΓöüΓöüΓöüΓöü[0m[37mΓöüΓöüΓöüΓöüΓöüΓöüΓöüΓöüΓöüΓöüΓöüΓöüΓöüΓöüΓöüΓöü[0m [1m3s[0m 111ms/step - accuracy: 1.0000 - loss: 2.0960e-04
[1m11/44[0m [32mΓöüΓöüΓöüΓöüΓöü[0m[37mΓöüΓöüΓöüΓöüΓöüΓöüΓöüΓöüΓöüΓöüΓöüΓöüΓöüΓöüΓöü[0m [1m3s[0m 110ms/step - accuracy: 1.0000 - loss: 2.0695e-04
[1m12/44[0m [32mΓöüΓöüΓöüΓöüΓöü[0m[37mΓöüΓöüΓöüΓöüΓöüΓöüΓöüΓöüΓöüΓöüΓöüΓöüΓöüΓöüΓöü[0m [1m3s[0m 109ms/step - accuracy: 1.0000 - loss: 2.0351e-04
[1m13/44[0m [32mΓöüΓöüΓöüΓöüΓöü[0m[37mΓöüΓöüΓöüΓöüΓöüΓöüΓöüΓöüΓöüΓöüΓöüΓöüΓöüΓöüΓöü[0m [1m3s[0m 109ms/step - accuracy: 1.0000 - loss: 1.9966e-04
[1m14/44[0m [32mΓöüΓöüΓöüΓöüΓöüΓöü[0m[37mΓöüΓöüΓöüΓöüΓöüΓöüΓöüΓöüΓöüΓöüΓöüΓöüΓöüΓöü[0m [1m3s[0m 110ms/step - accuracy: 1.0000 - loss: 1.9559e-04
[1m15/44[0m [32mΓöüΓöüΓöüΓöüΓöüΓöü[0m[37mΓöüΓöüΓöüΓöüΓöüΓöüΓöüΓöüΓöüΓöüΓöüΓöüΓöüΓöü[0m [1m3s[0m 110ms/step - accuracy: 1.0000 - loss: 1.9163e-04
[1m16/44[0m [32mΓöüΓöüΓöüΓöüΓöüΓöüΓöü[0m[37mΓöüΓöüΓöüΓöüΓöüΓöüΓöüΓöüΓöüΓöüΓöüΓöüΓöü[0m [1m3s[0m 110ms/step - accuracy: 1.0000 - loss: 1.8763e-04
[1m17/44[0m [32mΓöüΓöüΓöüΓöüΓöüΓöüΓöü[0m[37mΓöüΓöüΓöüΓöüΓöüΓöüΓöüΓöüΓöüΓöüΓöüΓöüΓöü[0m [1m2s[0m 110ms/step - accuracy: 1.0000 - loss: 1.8366e-04
[1m18/44[0m [32mΓöüΓöüΓöüΓöüΓöüΓöüΓöüΓöü[0m[37mΓöüΓöüΓöüΓöüΓöüΓöüΓöüΓöüΓöüΓöüΓöüΓöü[0m [1m2s[0m 111ms/step - accuracy: 1.0000 - loss: 1.7977e-04
[1m19/44[0m [32mΓöüΓöüΓöüΓöüΓöüΓöüΓöüΓöü[0m[37mΓöüΓöüΓöüΓöüΓöüΓöüΓöüΓöüΓöüΓöüΓöüΓöü[0m [1m2s[0m 112ms/step - accuracy: 1.0000 - loss: 1.7692e-04
[1m20/44[0m [32mΓöüΓöüΓöüΓöüΓöüΓöüΓöüΓöüΓöü[0m[37mΓöüΓöüΓöüΓöüΓöüΓöüΓöüΓöüΓöüΓöüΓöü[0m [1m2s[0m 113ms/step - accuracy: 1.0000 - loss: 1.7409e-04
[1m21/44[0m [32mΓöüΓöüΓöüΓöüΓöüΓöüΓöüΓöüΓöü[0m[37mΓöüΓöüΓöüΓöüΓöüΓöüΓöüΓöüΓöüΓöüΓöü[0m [1m2s[0m 113ms/step - accuracy: 1.0000 - loss: 1.7127e-04
[1m22/44[0m [32mΓöüΓöüΓöüΓöüΓöüΓöüΓöüΓöüΓöüΓöü[0m[37mΓöüΓöüΓöüΓöüΓöüΓöüΓöüΓöüΓöüΓöü[0m [1m2s[0m 113ms/step - accuracy: 1.0000 - loss: 1.6848e-04
[1m23/44[0m [32mΓöüΓöüΓöüΓöüΓöüΓöüΓöüΓöüΓöüΓöü[0m[37mΓöüΓöüΓöüΓöüΓöüΓöüΓöüΓöüΓöüΓöü[0m [1m2s[0m 112ms/step - accuracy: 1.0000 - loss: 1.6575e-04
[1m24/44[0m [32mΓöüΓöüΓöüΓöüΓöüΓöüΓöüΓöüΓöüΓöü[0m[37mΓöüΓöüΓöüΓöüΓöüΓöüΓöüΓöüΓöüΓöü[0m [1m2s[0m 112ms/step - accuracy: 1.0000 - loss: 1.6315e-04
[1m25/44[0m [32mΓöüΓöüΓöüΓöüΓöüΓöüΓöüΓöüΓöüΓöüΓöü[0m[37mΓöüΓöüΓöüΓöüΓöüΓöüΓöüΓöüΓöü[0m [1m2s[0m 112ms/step - accuracy: 1.0000 - loss: 1.6059e-04
[1m26/44[0m [32mΓöüΓöüΓöüΓöüΓöüΓöüΓöüΓöüΓöüΓöüΓöü[0m[37mΓöüΓöüΓöüΓöüΓöüΓöüΓöüΓöüΓöü[0m [1m2s[0m 111ms/step - accuracy: 1.0000 - loss: 1.5812e-04
[1m27/44[0m [32mΓöüΓöüΓöüΓöüΓöüΓöüΓöüΓöüΓöüΓöüΓöüΓöü[0m[37mΓöüΓöüΓöüΓöüΓöüΓöüΓöüΓöü[0m [1m1s[0m 111ms/step - accuracy: 1.0000 - loss: 1.5600e-04
[1m28/44[0m [32mΓöüΓöüΓöüΓöüΓöüΓöüΓöüΓöüΓöüΓöüΓöüΓöü[0m[37mΓöüΓöüΓöüΓöüΓöüΓöüΓöüΓöü[0m [1m1s[0m 111ms/step - accuracy: 1.0000 - loss: 1.5391e-04
[1m29/44[0m [32mΓöüΓöüΓöüΓöüΓöüΓöüΓöüΓöüΓöüΓöüΓöüΓöüΓöü[0m[37mΓöüΓöüΓöüΓöüΓöüΓöüΓöü[0m [1m1s[0m 110ms/step - accuracy: 1.0000 - loss: 1.5190e-04
[1m30/44[0m [32mΓöüΓöüΓöüΓöüΓöüΓöüΓöüΓöüΓöüΓöüΓöüΓöüΓöü[0m[37mΓöüΓöüΓöüΓöüΓöüΓöüΓöü[0m [1m1s[0m 110ms/step - accuracy: 1.0000 - loss: 1.4992e-04
[1m31/44[0m [32mΓöüΓöüΓöüΓöüΓöüΓöüΓöüΓöüΓöüΓöüΓöüΓöüΓöüΓöü[0m[37mΓöüΓöüΓöüΓöüΓöüΓöü[0m [1m1s[0m 110ms/step - accuracy: 1.0000 - loss: 1.4797e-04
[1m32/44[0m [32mΓöüΓöüΓöüΓöüΓöüΓöüΓöüΓöüΓöüΓöüΓöüΓöüΓöüΓöü[0m[37mΓöüΓöüΓöüΓöüΓöüΓöü[0m [1m1s[0m 110ms/step - accuracy: 1.0000 - loss: 1.4608e-04
[1m33/44[0m [32mΓöüΓöüΓöüΓöüΓöüΓöüΓöüΓöüΓöüΓöüΓöüΓöüΓöüΓöüΓöü[0m[37mΓöüΓöüΓöüΓöüΓöü[0m [1m1s[0m 109ms/step - accuracy: 1.0000 - loss: 1.4424e-04
[1m34/44[0m [32mΓöüΓöüΓöüΓöüΓöüΓöüΓöüΓöüΓöüΓöüΓöüΓöüΓöüΓöüΓöü[0m[37mΓöüΓöüΓöüΓöüΓöü[0m [1m1s[0m 109ms/step - accuracy: 1.0000 - loss: 1.4242e-04
[1m35/44[0m [32mΓöüΓöüΓöüΓöüΓöüΓöüΓöüΓöüΓöüΓöüΓöüΓöüΓöüΓöüΓöü[0m[37mΓöüΓöüΓöüΓöüΓöü[0m [1m0s[0m 109ms/step - accuracy: 1.0000 - loss: 1.4064e-04
[1m36/44[0m [32mΓöüΓöüΓöüΓöüΓöüΓöüΓöüΓöüΓöüΓöüΓöüΓöüΓöüΓöüΓöüΓöü[0m[37mΓöüΓöüΓöüΓöü[0m [1m0s[0m 109ms/step - accuracy: 1.0000 - loss: 1.3891e-04
[1m37/44[0m [32mΓöüΓöüΓöüΓöüΓöüΓöüΓöüΓöüΓöüΓöüΓöüΓöüΓöüΓöüΓöüΓöü[0m[37mΓöüΓöüΓöüΓöü[0m [1m0s[0m 109ms/step - accuracy: 1.0000 - loss: 1.3721e-04
[1m38/44[0m [32mΓöüΓöüΓöüΓöüΓöüΓöüΓöüΓöüΓöüΓöüΓöüΓöüΓöüΓöüΓöüΓöüΓöü[0m[37mΓöüΓöüΓöü[0m [1m0s[0m 109ms/step - accuracy: 1.0000 - loss: 1.3555e-04
[1m39/44[0m [32mΓöüΓöüΓöüΓöüΓöüΓöüΓöüΓöüΓöüΓöüΓöüΓöüΓöüΓöüΓöüΓöüΓöü[0m[37mΓöüΓöüΓöü[0m [1m0s[0m 109ms/step - accuracy: 1.0000 - loss: 1.3393e-04
[1m40/44[0m [32mΓöüΓöüΓöüΓöüΓöüΓöüΓöüΓöüΓöüΓöüΓöüΓöüΓöüΓöüΓöüΓöüΓöüΓöü[0m[37mΓöüΓöü[0m [1m0s[0m 109ms/step - accuracy: 1.0000 - loss: 1.3235e-04
[1m41/44[0m [32mΓöüΓöüΓöüΓöüΓöüΓöüΓöüΓöüΓöüΓöüΓöüΓöüΓöüΓöüΓöüΓöüΓöüΓöü[0m[37mΓöüΓöü[0m [1m0s[0m 109ms/step - accuracy: 1.0000 - loss: 1.3087e-04
[1m42/44[0m [32mΓöüΓöüΓöüΓöüΓöüΓöüΓöüΓöüΓöüΓöüΓöüΓöüΓöüΓöüΓöüΓöüΓöüΓöüΓöü[0m[37mΓöü[0m [1m0s[0m 109ms/step - accuracy: 1.0000 - loss: 1.2942e-04
[1m43/44[0m [32mΓöüΓöüΓöüΓöüΓöüΓöüΓöüΓöüΓöüΓöüΓöüΓöüΓöüΓöüΓöüΓöüΓöüΓöüΓöü[0m[37mΓöü[0m [1m0s[0m 108ms/step - accuracy: 1.0000 - loss: 1.2799e-04
[1m44/44[0m [32mΓöüΓöüΓöüΓöüΓöüΓöüΓöüΓöüΓöüΓöüΓöüΓöüΓöüΓöüΓöüΓöüΓöüΓöüΓöüΓöü[0m[37m[0m [1m0s[0m 107ms/step - accuracy: 1.0000 - loss: 1.2762e-04
Epoch 2: val_accuracy did not improve from 1.00000

[1m44/44[0m [32mΓöüΓöüΓöüΓöüΓöüΓöüΓöüΓöüΓöüΓöüΓöüΓöüΓöüΓöüΓöüΓöüΓöüΓöüΓöüΓöü[0m[37m[0m [1m6s[0m 125ms/step - accuracy: 1.0000 - loss: 1.1152e-04 - val_accuracy: 1.0000 - val_loss: 1.1412e-13 - learning_rate: 0.0010
Epoch 3/30

[1m 1/44[0m [37mΓöüΓöüΓöüΓöüΓöüΓöüΓöüΓöüΓöüΓöüΓöüΓöüΓöüΓöüΓöüΓöüΓöüΓöüΓöüΓöü[0m [1m9s[0m 219ms/step - accuracy: 1.0000 - loss: 6.6564e-05
[1m 2/44[0m [37mΓöüΓöüΓöüΓöüΓöüΓöüΓöüΓöüΓöüΓöüΓöüΓöüΓöüΓöüΓöüΓöüΓöüΓöüΓöüΓöü[0m [1m4s[0m 113ms/step - accuracy: 1.0000 - loss: 5.0390e-05
[1m 3/44[0m [32mΓöü[0m[37mΓöüΓöüΓöüΓöüΓöüΓöüΓöüΓöüΓöüΓöüΓöüΓöüΓöüΓöüΓöüΓöüΓöüΓöüΓöü[0m [1m4s[0m 113ms/step - accuracy: 1.0000 - loss: 4.2304e-05
[1m 4/44[0m [32mΓöü[0m[37mΓöüΓöüΓöüΓöüΓöüΓöüΓöüΓöüΓöüΓöüΓöüΓöüΓöüΓöüΓöüΓöüΓöüΓöüΓöü[0m [1m4s[0m 116ms/step - accuracy: 1.0000 - loss: 3.6744e-05
[1m 5/44[0m [32mΓöüΓöü[0m[37mΓöüΓöüΓöüΓöüΓöüΓöüΓöüΓöüΓöüΓöüΓöüΓöüΓöüΓöüΓöüΓöüΓöüΓöü[0m [1m4s[0m 111ms/step - accuracy: 1.0000 - loss: 3.2789e-05
[1m 6/44[0m [32mΓöüΓöü[0m[37mΓöüΓöüΓöüΓöüΓöüΓöüΓöüΓöüΓöüΓöüΓöüΓöüΓöüΓöüΓöüΓöüΓöüΓöü[0m [1m4s[0m 109ms/step - accuracy: 1.0000 - loss: 2.9682e-05
[1m 7/44[0m [32mΓöüΓöüΓöü[0m[37mΓöüΓöüΓöüΓöüΓöüΓöüΓöüΓöüΓöüΓöüΓöüΓöüΓöüΓöüΓöüΓöüΓöü[0m [1m3s[0m 107ms/step - accuracy: 1.0000 - loss: 2.7407e-05
[1m 8/44[0m [32mΓöüΓöüΓöü[0m[37mΓöüΓöüΓöüΓöüΓöüΓöüΓöüΓöüΓöüΓöüΓöüΓöüΓöüΓöüΓöüΓöüΓöü[0m [1m3s[0m 106ms/step - accuracy: 1.0000 - loss: 2.5488e-05
[1m 9/44[0m [32mΓöüΓöüΓöüΓöü[0m[37mΓöüΓöüΓöüΓöüΓöüΓöüΓöüΓöüΓöüΓöüΓöüΓöüΓöüΓöüΓöüΓöü[0m [1m3s[0m 105ms/step - accuracy: 1.0000 - loss: 2.3883e-05
[1m10/44[0m [32mΓöüΓöüΓöüΓöü[0m[37mΓöüΓöüΓöüΓöüΓöüΓöüΓöüΓöüΓöüΓöüΓöüΓöüΓöüΓöüΓöüΓöü[0m [1m3s[0m 105ms/step - accuracy: 1.0000 - loss: 2.4272e-05
[1m11/44[0m [32mΓöüΓöüΓöüΓöüΓöü[0m[37mΓöüΓöüΓöüΓöüΓöüΓöüΓöüΓöüΓöüΓöüΓöüΓöüΓöüΓöüΓöü[0m [1m3s[0m 104ms/step - accuracy: 1.0000 - loss: 2.4412e-05
[1m12/44[0m [32mΓöüΓöüΓöüΓöüΓöü[0m[37mΓöüΓöüΓöüΓöüΓöüΓöüΓöüΓöüΓöüΓöüΓöüΓöüΓöüΓöüΓöü[0m [1m3s[0m 104ms/step - accuracy: 1.0000 - loss: 2.4352e-05
[1m13/44[0m [32mΓöüΓöüΓöüΓöüΓöü[0m[37mΓöüΓöüΓöüΓöüΓöüΓöüΓöüΓöüΓöüΓöüΓöüΓöüΓöüΓöüΓöü[0m [1m3s[0m 104ms/step - accuracy: 1.0000 - loss: 2.4163e-05
[1m14/44[0m [32mΓöüΓöüΓöüΓöüΓöüΓöü[0m[37mΓöüΓöüΓöüΓöüΓöüΓöüΓöüΓöüΓöüΓöüΓöüΓöüΓöüΓöü[0m [1m3s[0m 104ms/step - accuracy: 1.0000 - loss: 2.3895e-05
[1m15/44[0m [32mΓöüΓöüΓöüΓöüΓöüΓöü[0m[37mΓöüΓöüΓöüΓöüΓöüΓöüΓöüΓöüΓöüΓöüΓöüΓöüΓöüΓöü[0m [1m3s[0m 105ms/step - accuracy: 1.0000 - loss: 2.3577e-05
[1m16/44[0m [32mΓöüΓöüΓöüΓöüΓöüΓöüΓöü[0m[37mΓöüΓöüΓöüΓöüΓöüΓöüΓöüΓöüΓöüΓöüΓöüΓöüΓöü[0m [1m3s[0m 107ms/step - accuracy: 1.0000 - loss: 2.3236e-05
[1m17/44[0m [32mΓöüΓöüΓöüΓöüΓöüΓöüΓöü[0m[37mΓöüΓöüΓöüΓöüΓöüΓöüΓöüΓöüΓöüΓöüΓöüΓöüΓöü[0m [1m2s[0m 109ms/step - accuracy: 1.0000 - loss: 2.2874e-05
[1m18/44[0m [32mΓöüΓöüΓöüΓöüΓöüΓöüΓöüΓöü[0m[37mΓöüΓöüΓöüΓöüΓöüΓöüΓöüΓöüΓöüΓöüΓöüΓöü[0m [1m2s[0m 109ms/step - accuracy: 1.0000 - loss: 2.2499e-05
[1m19/44[0m [32mΓöüΓöüΓöüΓöüΓöüΓöüΓöüΓöü[0m[37mΓöüΓöüΓöüΓöüΓöüΓöüΓöüΓöüΓöüΓöüΓöüΓöü[0m [1m2s[0m 109ms/step - accuracy: 1.0000 - loss: 2.2124e-05
[1m20/44[0m [32mΓöüΓöüΓöüΓöüΓöüΓöüΓöüΓöüΓöü[0m[37mΓöüΓöüΓöüΓöüΓöüΓöüΓöüΓöüΓöüΓöüΓöü[0m [1m2s[0m 109ms/step - accuracy: 1.0000 - loss: 2.1749e-05
[1m21/44[0m [32mΓöüΓöüΓöüΓöüΓöüΓöüΓöüΓöüΓöü[0m[37mΓöüΓöüΓöüΓöüΓöüΓöüΓöüΓöüΓöüΓöüΓöü[0m [1m2s[0m 109ms/step - accuracy: 1.0000 - loss: 2.1406e-05
[1m22/44[0m [32mΓöüΓöüΓöüΓöüΓöüΓöüΓöüΓöüΓöüΓöü[0m[37mΓöüΓöüΓöüΓöüΓöüΓöüΓöüΓöüΓöüΓöü[0m [1m2s[0m 109ms/step - accuracy: 1.0000 - loss: 2.1065e-05
[1m23/44[0m [32mΓöüΓöüΓöüΓöüΓöüΓöüΓöüΓöüΓöüΓöü[0m[37mΓöüΓöüΓöüΓöüΓöüΓöüΓöüΓöüΓöüΓöü[0m [1m2s[0m 109ms/step - accuracy: 1.0000 - loss: 2.0729e-05
[1m24/44[0m [32mΓöüΓöüΓöüΓöüΓöüΓöüΓöüΓöüΓöüΓöü[0m[37mΓöüΓöüΓöüΓöüΓöüΓöüΓöüΓöüΓöüΓöü[0m [1m2s[0m 110ms/step - accuracy: 1.0000 - loss: 2.0566e-05
[1m25/44[0m [32mΓöüΓöüΓöüΓöüΓöüΓöüΓöüΓöüΓöüΓöüΓöü[0m[37mΓöüΓöüΓöüΓöüΓöüΓöüΓöüΓöüΓöü[0m [1m2s[0m 110ms/step - accuracy: 1.0000 - loss: 2.0399e-05
[1m26/44[0m [32mΓöüΓöüΓöüΓöüΓöüΓöüΓöüΓöüΓöüΓöüΓöü[0m[37mΓöüΓöüΓöüΓöüΓöüΓöüΓöüΓöüΓöü[0m [1m1s[0m 110ms/step - accuracy: 1.0000 - loss: 2.0222e-05
[1m27/44[0m [32mΓöüΓöüΓöüΓöüΓöüΓöüΓöüΓöüΓöüΓöüΓöüΓöü[0m[37mΓöüΓöüΓöüΓöüΓöüΓöüΓöüΓöü[0m [1m1s[0m 110ms/step - accuracy: 1.0000 - loss: 2.0235e-05
[1m28/44[0m [32mΓöüΓöüΓöüΓöüΓöüΓöüΓöüΓöüΓöüΓöüΓöüΓöü[0m[37mΓöüΓöüΓöüΓöüΓöüΓöüΓöüΓöü[0m [1m1s[0m 110ms/step - accuracy: 1.0000 - loss: 2.0244e-05
[1m29/44[0m [32mΓöüΓöüΓöüΓöüΓöüΓöüΓöüΓöüΓöüΓöüΓöüΓöüΓöü[0m[37mΓöüΓöüΓöüΓöüΓöüΓöüΓöü[0m [1m1s[0m 110ms/step - accuracy: 1.0000 - loss: 2.0253e-05
[1m30/44[0m [32mΓöüΓöüΓöüΓöüΓöüΓöüΓöüΓöüΓöüΓöüΓöüΓöüΓöü[0m[37mΓöüΓöüΓöüΓöüΓöüΓöüΓöü[0m [1m1s[0m 110ms/step - accuracy: 1.0000 - loss: 2.0240e-05
[1m31/44[0m [32mΓöüΓöüΓöüΓöüΓöüΓöüΓöüΓöüΓöüΓöüΓöüΓöüΓöüΓöü[0m[37mΓöüΓöüΓöüΓöüΓöüΓöü[0m [1m1s[0m 110ms/step - accuracy: 1.0000 - loss: 2.0207e-05
[1m32/44[0m [32mΓöüΓöüΓöüΓöüΓöüΓöüΓöüΓöüΓöüΓöüΓöüΓöüΓöüΓöü[0m[37mΓöüΓöüΓöüΓöüΓöüΓöü[0m [1m1s[0m 110ms/step - accuracy: 1.0000 - loss: 2.0173e-05
[1m33/44[0m [32mΓöüΓöüΓöüΓöüΓöüΓöüΓöüΓöüΓöüΓöüΓöüΓöüΓöüΓöüΓöü[0m[37mΓöüΓöüΓöüΓöüΓöü[0m [1m1s[0m 111ms/step - accuracy: 1.0000 - loss: 2.0128e-05
[1m34/44[0m [32mΓöüΓöüΓöüΓöüΓöüΓöüΓöüΓöüΓöüΓöüΓöüΓöüΓöüΓöüΓöü[0m[37mΓöüΓöüΓöüΓöüΓöü[0m [1m1s[0m 111ms/step - accuracy: 1.0000 - loss: 2.0070e-05
[1m35/44[0m [32mΓöüΓöüΓöüΓöüΓöüΓöüΓöüΓöüΓöüΓöüΓöüΓöüΓöüΓöüΓöü[0m[37mΓöüΓöüΓöüΓöüΓöü[0m [1m1s[0m 112ms/step - accuracy: 1.0000 - loss: 2.0001e-05
[1m36/44[0m [32mΓöüΓöüΓöüΓöüΓöüΓöüΓöüΓöüΓöüΓöüΓöüΓöüΓöüΓöüΓöüΓöü[0m[37mΓöüΓöüΓöüΓöü[0m [1m0s[0m 112ms/step - accuracy: 1.0000 - loss: 1.9922e-05
[1m37/44[0m [32mΓöüΓöüΓöüΓöüΓöüΓöüΓöüΓöüΓöüΓöüΓöüΓöüΓöüΓöüΓöüΓöü[0m[37mΓöüΓöüΓöüΓöü[0m [1m0s[0m 112ms/step - accuracy: 1.0000 - loss: 1.9849e-05
[1m38/44[0m [32mΓöüΓöüΓöüΓöüΓöüΓöüΓöüΓöüΓöüΓöüΓöüΓöüΓöüΓöüΓöüΓöüΓöü[0m[37mΓöüΓöüΓöü[0m [1m0s[0m 112ms/step - accuracy: 1.0000 - loss: 1.9768e-05
[1m39/44[0m [32mΓöüΓöüΓöüΓöüΓöüΓöüΓöüΓöüΓöüΓöüΓöüΓöüΓöüΓöüΓöüΓöüΓöü[0m[37mΓöüΓöüΓöü[0m [1m0s[0m 112ms/step - accuracy: 1.0000 - loss: 1.9681e-05
[1m40/44[0m [32mΓöüΓöüΓöüΓöüΓöüΓöüΓöüΓöüΓöüΓöüΓöüΓöüΓöüΓöüΓöüΓöüΓöüΓöü[0m[37mΓöüΓöü[0m [1m0s[0m 112ms/step - accuracy: 1.0000 - loss: 1.9589e-05
[1m41/44[0m [32mΓöüΓöüΓöüΓöüΓöüΓöüΓöüΓöüΓöüΓöüΓöüΓöüΓöüΓöüΓöüΓöüΓöüΓöü[0m[37mΓöüΓöü[0m [1m0s[0m 113ms/step - accuracy: 1.0000 - loss: 1.9493e-05
[1m42/44[0m [32mΓöüΓöüΓöüΓöüΓöüΓöüΓöüΓöüΓöüΓöüΓöüΓöüΓöüΓöüΓöüΓöüΓöüΓöüΓöü[0m[37mΓöü[0m [1m0s[0m 113ms/step - accuracy: 1.0000 - loss: 1.9394e-05
[1m43/44[0m [32mΓöüΓöüΓöüΓöüΓöüΓöüΓöüΓöüΓöüΓöüΓöüΓöüΓöüΓöüΓöüΓöüΓöüΓöüΓöü[0m[37mΓöü[0m [1m0s[0m 113ms/step - accuracy: 1.0000 - loss: 1.9292e-05
[1m44/44[0m [32mΓöüΓöüΓöüΓöüΓöüΓöüΓöüΓöüΓöüΓöüΓöüΓöüΓöüΓöüΓöüΓöüΓöüΓöüΓöüΓöü[0m[37m[0m [1m0s[0m 113ms/step - accuracy: 1.0000 - loss: 1.9190e-05
Epoch 3: val_accuracy did not improve from 1.00000

[1m44/44[0m [32mΓöüΓöüΓöüΓöüΓöüΓöüΓöüΓöüΓöüΓöüΓöüΓöüΓöüΓöüΓöüΓöüΓöüΓöüΓöüΓöü[0m[37m[0m [1m6s[0m 131ms/step - accuracy: 1.0000 - loss: 1.4825e-05 - val_accuracy: 1.0000 - val_loss: 3.7130e-14 - learning_rate: 0.0010
Epoch 4/30

[1m 1/44[0m [37mΓöüΓöüΓöüΓöüΓöüΓöüΓöüΓöüΓöüΓöüΓöüΓöüΓöüΓöüΓöüΓöüΓöüΓöüΓöüΓöü[0m [1m10s[0m 235ms/step - accuracy: 1.0000 - loss: 5.8432e-05
[1m 2/44[0m [37mΓöüΓöüΓöüΓöüΓöüΓöüΓöüΓöüΓöüΓöüΓöüΓöüΓöüΓöüΓöüΓöüΓöüΓöüΓöüΓöü[0m [1m5s[0m 126ms/step - accuracy: 1.0000 - loss: 4.3877e-05 
[1m 3/44[0m [32mΓöü[0m[37mΓöüΓöüΓöüΓöüΓöüΓöüΓöüΓöüΓöüΓöüΓöüΓöüΓöüΓöüΓöüΓöüΓöüΓöüΓöü[0m [1m5s[0m 129ms/step - accuracy: 1.0000 - loss: 3.7243e-05
[1m 4/44[0m [32mΓöü[0m[37mΓöüΓöüΓöüΓöüΓöüΓöüΓöüΓöüΓöüΓöüΓöüΓöüΓöüΓöüΓöüΓöüΓöüΓöüΓöü[0m [1m5s[0m 127ms/step - accuracy: 1.0000 - loss: 3.2457e-05
[1m 5/44[0m [32mΓöüΓöü[0m[37mΓöüΓöüΓöüΓöüΓöüΓöüΓöüΓöüΓöüΓöüΓöüΓöüΓöüΓöüΓöüΓöüΓöüΓöü[0m [1m4s[0m 127ms/step - accuracy: 1.0000 - loss: 2.9389e-05
[1m 6/44[0m [32mΓöüΓöü[0m[37mΓöüΓöüΓöüΓöüΓöüΓöüΓöüΓöüΓöüΓöüΓöüΓöüΓöüΓöüΓöüΓöüΓöüΓöü[0m [1m4s[0m 127ms/step - accuracy: 1.0000 - loss: 2.6880e-05
[1m 7/44[0m [32mΓöüΓöüΓöü[0m[37mΓöüΓöüΓöüΓöüΓöüΓöüΓöüΓöüΓöüΓöüΓöüΓöüΓöüΓöüΓöüΓöüΓöü[0m [1m4s[0m 129ms/step - accuracy: 1.0000 - loss: 2.4820e-05
[1m 8/44[0m [32mΓöüΓöüΓöü[0m[37mΓöüΓöüΓöüΓöüΓöüΓöüΓöüΓöüΓöüΓöüΓöüΓöüΓöüΓöüΓöüΓöüΓöü[0m [1m4s[0m 128ms/step - accuracy: 1.0000 - loss: 2.3109e-05
[1m 9/44[0m [32mΓöüΓöüΓöüΓöü[0m[37mΓöüΓöüΓöüΓöüΓöüΓöüΓöüΓöüΓöüΓöüΓöüΓöüΓöüΓöüΓöüΓöü[0m [1m4s[0m 129ms/step - accuracy: 1.0000 - loss: 2.1652e-05
[1m10/44[0m [32mΓöüΓöüΓöüΓöü[0m[37mΓöüΓöüΓöüΓöüΓöüΓöüΓöüΓöüΓöüΓöüΓöüΓöüΓöüΓöüΓöüΓöü[0m [1m4s[0m 131ms/step - accuracy: 1.0000 - loss: 2.0749e-05
[1m11/44[0m [32mΓöüΓöüΓöüΓöüΓöü[0m[37mΓöüΓöüΓöüΓöüΓöüΓöüΓöüΓöüΓöüΓöüΓöüΓöüΓöüΓöüΓöü[0m [1m4s[0m 131ms/step - accuracy: 1.0000 - loss: 1.9936e-05
[1m12/44[0m [32mΓöüΓöüΓöüΓöüΓöü[0m[37mΓöüΓöüΓöüΓöüΓöüΓöüΓöüΓöüΓöüΓöüΓöüΓöüΓöüΓöüΓöü[0m [1m4s[0m 130ms/step - accuracy: 1.0000 - loss: 1.9179e-05
[1m13/44[0m [32mΓöüΓöüΓöüΓöüΓöü[0m[37mΓöüΓöüΓöüΓöüΓöüΓöüΓöüΓöüΓöüΓöüΓöüΓöüΓöüΓöüΓöü[0m [1m4s[0m 129ms/step - accuracy: 1.0000 - loss: 1.8475e-05
[1m14/44[0m [32mΓöüΓöüΓöüΓöüΓöüΓöü[0m[37mΓöüΓöüΓöüΓöüΓöüΓöüΓöüΓöüΓöüΓöüΓöüΓöüΓöüΓöü[0m [1m3s[0m 128ms/step - accuracy: 1.0000 - loss: 1.7822e-05
[1m15/44[0m [32mΓöüΓöüΓöüΓöüΓöüΓöü[0m[37mΓöüΓöüΓöüΓöüΓöüΓöüΓöüΓöüΓöüΓöüΓöüΓöüΓöüΓöü[0m [1m3s[0m 127ms/step - accuracy: 1.0000 - loss: 1.7315e-05
[1m16/44[0m [32mΓöüΓöüΓöüΓöüΓöüΓöüΓöü[0m[37mΓöüΓöüΓöüΓöüΓöüΓöüΓöüΓöüΓöüΓöüΓöüΓöüΓöü[0m [1m3s[0m 126ms/step - accuracy: 1.0000 - loss: 1.6832e-05
[1m17/44[0m [32mΓöüΓöüΓöüΓöüΓöüΓöüΓöü[0m[37mΓöüΓöüΓöüΓöüΓöüΓöüΓöüΓöüΓöüΓöüΓöüΓöüΓöü[0m [1m3s[0m 126ms/step - accuracy: 1.0000 - loss: 1.6379e-05
[1m18/44[0m [32mΓöüΓöüΓöüΓöüΓöüΓöüΓöüΓöü[0m[37mΓöüΓöüΓöüΓöüΓöüΓöüΓöüΓöüΓöüΓöüΓöüΓöü[0m [1m3s[0m 126ms/step - accuracy: 1.0000 - loss: 1.5950e-05
[1m19/44[0m [32mΓöüΓöüΓöüΓöüΓöüΓöüΓöüΓöü[0m[37mΓöüΓöüΓöüΓöüΓöüΓöüΓöüΓöüΓöüΓöüΓöüΓöü[0m [1m3s[0m 125ms/step - accuracy: 1.0000 - loss: 1.5570e-05
[1m20/44[0m [32mΓöüΓöüΓöüΓöüΓöüΓöüΓöüΓöüΓöü[0m[37mΓöüΓöüΓöüΓöüΓöüΓöüΓöüΓöüΓöüΓöüΓöü[0m [1m2s[0m 124ms/step - accuracy: 1.0000 - loss: 1.5206e-05
[1m21/44[0m [32mΓöüΓöüΓöüΓöüΓöüΓöüΓöüΓöüΓöü[0m[37mΓöüΓöüΓöüΓöüΓöüΓöüΓöüΓöüΓöüΓöüΓöü[0m [1m2s[0m 124ms/step - accuracy: 1.0000 - loss: 1.4859e-05
[1m22/44[0m [32mΓöüΓöüΓöüΓöüΓöüΓöüΓöüΓöüΓöüΓöü[0m[37mΓöüΓöüΓöüΓöüΓöüΓöüΓöüΓöüΓöüΓöü[0m [1m2s[0m 123ms/step - accuracy: 1.0000 - loss: 1.4538e-05
[1m23/44[0m [32mΓöüΓöüΓöüΓöüΓöüΓöüΓöüΓöüΓöüΓöü[0m[37mΓöüΓöüΓöüΓöüΓöüΓöüΓöüΓöüΓöüΓöü[0m [1m2s[0m 123ms/step - accuracy: 1.0000 - loss: 1.4231e-05
[1m24/44[0m [32mΓöüΓöüΓöüΓöüΓöüΓöüΓöüΓöüΓöüΓöü[0m[37mΓöüΓöüΓöüΓöüΓöüΓöüΓöüΓöüΓöüΓöü[0m [1m2s[0m 123ms/step - accuracy: 1.0000 - loss: 1.3996e-05
[1m25/44[0m [32mΓöüΓöüΓöüΓöüΓöüΓöüΓöüΓöüΓöüΓöüΓöü[0m[37mΓöüΓöüΓöüΓöüΓöüΓöüΓöüΓöüΓöü[0m [1m2s[0m 123ms/step - accuracy: 1.0000 - loss: 1.3766e-05
[1m26/44[0m [32mΓöüΓöüΓöüΓöüΓöüΓöüΓöüΓöüΓöüΓöüΓöü[0m[37mΓöüΓöüΓöüΓöüΓöüΓöüΓöüΓöüΓöü[0m [1m2s[0m 123ms/step - accuracy: 1.0000 - loss: 1.3542e-05
[1m27/44[0m [32mΓöüΓöüΓöüΓöüΓöüΓöüΓöüΓöüΓöüΓöüΓöüΓöü[0m[37mΓöüΓöüΓöüΓöüΓöüΓöüΓöüΓöü[0m [1m2s[0m 124ms/step - accuracy: 1.0000 - loss: 1.3343e-05
[1m28/44[0m [32mΓöüΓöüΓöüΓöüΓöüΓöüΓöüΓöüΓöüΓöüΓöüΓöü[0m[37mΓöüΓöüΓöüΓöüΓöüΓöüΓöüΓöü[0m [1m1s[0m 125ms/step - accuracy: 1.0000 - loss: 1.3160e-05
[1m29/44[0m [32mΓöüΓöüΓöüΓöüΓöüΓöüΓöüΓöüΓöüΓöüΓöüΓöüΓöü[0m[37mΓöüΓöüΓöüΓöüΓöüΓöüΓöü[0m [1m1s[0m 125ms/step - accuracy: 1.0000 - loss: 1.2981e-05
[1m30/44[0m [32mΓöüΓöüΓöüΓöüΓöüΓöüΓöüΓöüΓöüΓöüΓöüΓöüΓöü[0m[37mΓöüΓöüΓöüΓöüΓöüΓöüΓöü[0m [1m1s[0m 125ms/step - accuracy: 1.0000 - loss: 1.2807e-05
[1m31/44[0m [32mΓöüΓöüΓöüΓöüΓöüΓöüΓöüΓöüΓöüΓöüΓöüΓöüΓöüΓöü[0m[37mΓöüΓöüΓöüΓöüΓöüΓöü[0m [1m1s[0m 125ms/step - accuracy: 1.0000 - loss: 1.2636e-05
[1m32/44[0m [32mΓöüΓöüΓöüΓöüΓöüΓöüΓöüΓöüΓöüΓöüΓöüΓöüΓöüΓöü[0m[37mΓöüΓöüΓöüΓöüΓöüΓöü[0m [1m1s[0m 125ms/step - accuracy: 1.0000 - loss: 1.2532e-05
[1m33/44[0m [32mΓöüΓöüΓöüΓöüΓöüΓöüΓöüΓöüΓöüΓöüΓöüΓöüΓöüΓöüΓöü[0m[37mΓöüΓöüΓöüΓöüΓöü[0m [1m1s[0m 125ms/step - accuracy: 1.0000 - loss: 1.2427e-05
[1m34/44[0m [32mΓöüΓöüΓöüΓöüΓöüΓöüΓöüΓöüΓöüΓöüΓöüΓöüΓöüΓöüΓöü[0m[37mΓöüΓöüΓöüΓöüΓöü[0m [1m1s[0m 125ms/step - accuracy: 1.0000 - loss: 1.2325e-05
[1m35/44[0m [32mΓöüΓöüΓöüΓöüΓöüΓöüΓöüΓöüΓöüΓöüΓöüΓöüΓöüΓöüΓöü[0m[37mΓöüΓöüΓöüΓöüΓöü[0m [1m1s[0m 125ms/step - accuracy: 1.0000 - loss: 1.2221e-05
[1m36/44[0m [32mΓöüΓöüΓöüΓöüΓöüΓöüΓöüΓöüΓöüΓöüΓöüΓöüΓöüΓöüΓöüΓöü[0m[37mΓöüΓöüΓöüΓöü[0m [1m0s[0m 124ms/step - accuracy: 1.0000 - loss: 1.2118e-05
[1m37/44[0m [32mΓöüΓöüΓöüΓöüΓöüΓöüΓöüΓöüΓöüΓöüΓöüΓöüΓöüΓöüΓöüΓöü[0m[37mΓöüΓöüΓöüΓöü[0m [1m0s[0m 124ms/step - accuracy: 1.0000 - loss: 1.2014e-05
[1m38/44[0m [32mΓöüΓöüΓöüΓöüΓöüΓöüΓöüΓöüΓöüΓöüΓöüΓöüΓöüΓöüΓöüΓöüΓöü[0m[37mΓöüΓöüΓöü[0m [1m0s[0m 124ms/step - accuracy: 1.0000 - loss: 1.1913e-05
[1m39/44[0m [32mΓöüΓöüΓöüΓöüΓöüΓöüΓöüΓöüΓöüΓöüΓöüΓöüΓöüΓöüΓöüΓöüΓöü[0m[37mΓöüΓöüΓöü[0m [1m0s[0m 124ms/step - accuracy: 1.0000 - loss: 1.1813e-05
[1m40/44[0m [32mΓöüΓöüΓöüΓöüΓöüΓöüΓöüΓöüΓöüΓöüΓöüΓöüΓöüΓöüΓöüΓöüΓöüΓöü[0m[37mΓöüΓöü[0m [1m0s[0m 123ms/step - accuracy: 1.0000 - loss: 1.1735e-05
[1m41/44[0m [32mΓöüΓöüΓöüΓöüΓöüΓöüΓöüΓöüΓöüΓöüΓöüΓöüΓöüΓöüΓöüΓöüΓöüΓöü[0m[37mΓöüΓöü[0m [1m0s[0m 123ms/step - accuracy: 1.0000 - loss: 1.1658e-05
[1m42/44[0m [32mΓöüΓöüΓöüΓöüΓöüΓöüΓöüΓöüΓöüΓöüΓöüΓöüΓöüΓöüΓöüΓöüΓöüΓöüΓöü[0m[37mΓöü[0m [1m0s[0m 123ms/step - accuracy: 1.0000 - loss: 1.1580e-05
[1m43/44[0m [32mΓöüΓöüΓöüΓöüΓöüΓöüΓöüΓöüΓöüΓöüΓöüΓöüΓöüΓöüΓöüΓöüΓöüΓöüΓöü[0m[37mΓöü[0m [1m0s[0m 123ms/step - accuracy: 1.0000 - loss: 1.1501e-05
[1m44/44[0m [32mΓöüΓöüΓöüΓöüΓöüΓöüΓöüΓöüΓöüΓöüΓöüΓöüΓöüΓöüΓöüΓöüΓöüΓöüΓöüΓöü[0m[37m[0m [1m0s[0m 121ms/step - accuracy: 1.0000 - loss: 1.1425e-05
Epoch 4: val_accuracy did not improve from 1.00000

[1m44/44[0m [32mΓöüΓöüΓöüΓöüΓöüΓöüΓöüΓöüΓöüΓöüΓöüΓöüΓöüΓöüΓöüΓöüΓöüΓöüΓöüΓöü[0m[37m[0m [1m6s[0m 138ms/step - accuracy: 1.0000 - loss: 8.1444e-06 - val_accuracy: 1.0000 - val_loss: 6.1628e-15 - learning_rate: 0.0010
Epoch 5/30

[1m 1/44[0m [37mΓöüΓöüΓöüΓöüΓöüΓöüΓöüΓöüΓöüΓöüΓöüΓöüΓöüΓöüΓöüΓöüΓöüΓöüΓöüΓöü[0m [1m9s[0m 218ms/step - accuracy: 1.0000 - loss: 6.3812e-04
[1m 2/44[0m [37mΓöüΓöüΓöüΓöüΓöüΓöüΓöüΓöüΓöüΓöüΓöüΓöüΓöüΓöüΓöüΓöüΓöüΓöüΓöüΓöü[0m [1m4s[0m 102ms/step - accuracy: 1.0000 - loss: 4.7866e-04
[1m 3/44[0m [32mΓöü[0m[37mΓöüΓöüΓöüΓöüΓöüΓöüΓöüΓöüΓöüΓöüΓöüΓöüΓöüΓöüΓöüΓöüΓöüΓöüΓöü[0m [1m4s[0m 101ms/step - accuracy: 1.0000 - loss: 3.9039e-04
[1m 4/44[0m [32mΓöü[0m[37mΓöüΓöüΓöüΓöüΓöüΓöüΓöüΓöüΓöüΓöüΓöüΓöüΓöüΓöüΓöüΓöüΓöüΓöüΓöü[0m [1m4s[0m 100ms/step - accuracy: 1.0000 - loss: 3.3289e-04
[1m 5/44[0m [32mΓöüΓöü[0m[37mΓöüΓöüΓöüΓöüΓöüΓöüΓöüΓöüΓöüΓöüΓöüΓöüΓöüΓöüΓöüΓöüΓöüΓöü[0m [1m3s[0m 99ms/step - accuracy: 1.0000 - loss: 2.9343e-04 
[1m 6/44[0m [32mΓöüΓöü[0m[37mΓöüΓöüΓöüΓöüΓöüΓöüΓöüΓöüΓöüΓöüΓöüΓöüΓöüΓöüΓöüΓöüΓöüΓöü[0m [1m3s[0m 102ms/step - accuracy: 1.0000 - loss: 2.6336e-04
[1m 7/44[0m [32mΓöüΓöüΓöü[0m[37mΓöüΓöüΓöüΓöüΓöüΓöüΓöüΓöüΓöüΓöüΓöüΓöüΓöüΓöüΓöüΓöüΓöü[0m [1m3s[0m 103ms/step - accuracy: 1.0000 - loss: 2.4362e-04
[1m 8/44[0m [32mΓöüΓöüΓöü[0m[37mΓöüΓöüΓöüΓöüΓöüΓöüΓöüΓöüΓöüΓöüΓöüΓöüΓöüΓöüΓöüΓöüΓöü[0m [1m3s[0m 104ms/step - accuracy: 1.0000 - loss: 2.2695e-04
[1m 9/44[0m [32mΓöüΓöüΓöüΓöü[0m[37mΓöüΓöüΓöüΓöüΓöüΓöüΓöüΓöüΓöüΓöüΓöüΓöüΓöüΓöüΓöüΓöü[0m [1m3s[0m 105ms/step - accuracy: 1.0000 - loss: 2.1262e-04
[1m10/44[0m [32mΓöüΓöüΓöüΓöü[0m[37mΓöüΓöüΓöüΓöüΓöüΓöüΓöüΓöüΓöüΓöüΓöüΓöüΓöüΓöüΓöüΓöü[0m [1m3s[0m 106ms/step - accuracy: 1.0000 - loss: 2.0029e-04
[1m11/44[0m [32mΓöüΓöüΓöüΓöüΓöü[0m[37mΓöüΓöüΓöüΓöüΓöüΓöüΓöüΓöüΓöüΓöüΓöüΓöüΓöüΓöüΓöü[0m [1m3s[0m 107ms/step - accuracy: 1.0000 - loss: 1.8946e-04
[1m12/44[0m [32mΓöüΓöüΓöüΓöüΓöü[0m[37mΓöüΓöüΓöüΓöüΓöüΓöüΓöüΓöüΓöüΓöüΓöüΓöüΓöüΓöüΓöü[0m [1m3s[0m 108ms/step - accuracy: 1.0000 - loss: 1.7988e-04
[1m13/44[0m [32mΓöüΓöüΓöüΓöüΓöü[0m[37mΓöüΓöüΓöüΓöüΓöüΓöüΓöüΓöüΓöüΓöüΓöüΓöüΓöüΓöüΓöü[0m [1m3s[0m 109ms/step - accuracy: 1.0000 - loss: 1.7134e-04
[1m14/44[0m [32mΓöüΓöüΓöüΓöüΓöüΓöü[0m[37mΓöüΓöüΓöüΓöüΓöüΓöüΓöüΓöüΓöüΓöüΓöüΓöüΓöüΓöü[0m [1m3s[0m 108ms/step - accuracy: 1.0000 - loss: 1.6367e-04
[1m15/44[0m [32mΓöüΓöüΓöüΓöüΓöüΓöü[0m[37mΓöüΓöüΓöüΓöüΓöüΓöüΓöüΓöüΓöüΓöüΓöüΓöüΓöüΓöü[0m [1m3s[0m 108ms/step - accuracy: 1.0000 - loss: 1.5675e-04
[1m16/44[0m [32mΓöüΓöüΓöüΓöüΓöüΓöüΓöü[0m[37mΓöüΓöüΓöüΓöüΓöüΓöüΓöüΓöüΓöüΓöüΓöüΓöüΓöü[0m [1m3s[0m 108ms/step - accuracy: 1.0000 - loss: 1.5046e-04
[1m17/44[0m [32mΓöüΓöüΓöüΓöüΓöüΓöüΓöü[0m[37mΓöüΓöüΓöüΓöüΓöüΓöüΓöüΓöüΓöüΓöüΓöüΓöüΓöü[0m [1m2s[0m 108ms/step - accuracy: 1.0000 - loss: 1.4475e-04
[1m18/44[0m [32mΓöüΓöüΓöüΓöüΓöüΓöüΓöüΓöü[0m[37mΓöüΓöüΓöüΓöüΓöüΓöüΓöüΓöüΓöüΓöüΓöüΓöü[0m [1m2s[0m 108ms/step - accuracy: 1.0000 - loss: 1.3950e-04
[1m19/44[0m [32mΓöüΓöüΓöüΓöüΓöüΓöüΓöüΓöü[0m[37mΓöüΓöüΓöüΓöüΓöüΓöüΓöüΓöüΓöüΓöüΓöüΓöü[0m [1m2s[0m 109ms/step - accuracy: 1.0000 - loss: 1.3528e-04
[1m20/44[0m [32mΓöüΓöüΓöüΓöüΓöüΓöüΓöüΓöüΓöü[0m[37mΓöüΓöüΓöüΓöüΓöüΓöüΓöüΓöüΓöüΓöüΓöü[0m [1m2s[0m 109ms/step - accuracy: 1.0000 - loss: 1.3133e-04
[1m21/44[0m [32mΓöüΓöüΓöüΓöüΓöüΓöüΓöüΓöüΓöü[0m[37mΓöüΓöüΓöüΓöüΓöüΓöüΓöüΓöüΓöüΓöüΓöü[0m [1m2s[0m 109ms/step - accuracy: 1.0000 - loss: 1.2767e-04
[1m22/44[0m [32mΓöüΓöüΓöüΓöüΓöüΓöüΓöüΓöüΓöüΓöü[0m[37mΓöüΓöüΓöüΓöüΓöüΓöüΓöüΓöüΓöüΓöü[0m [1m2s[0m 109ms/step - accuracy: 1.0000 - loss: 1.2423e-04
[1m23/44[0m [32mΓöüΓöüΓöüΓöüΓöüΓöüΓöüΓöüΓöüΓöü[0m[37mΓöüΓöüΓöüΓöüΓöüΓöüΓöüΓöüΓöüΓöü[0m [1m2s[0m 109ms/step - accuracy: 1.0000 - loss: 1.2099e-04
[1m24/44[0m [32mΓöüΓöüΓöüΓöüΓöüΓöüΓöüΓöüΓöüΓöü[0m[37mΓöüΓöüΓöüΓöüΓöüΓöüΓöüΓöüΓöüΓöü[0m [1m2s[0m 109ms/step - accuracy: 1.0000 - loss: 1.1797e-04
[1m25/44[0m [32mΓöüΓöüΓöüΓöüΓöüΓöüΓöüΓöüΓöüΓöüΓöü[0m[37mΓöüΓöüΓöüΓöüΓöüΓöüΓöüΓöüΓöü[0m [1m2s[0m 109ms/step - accuracy: 1.0000 - loss: 1.1512e-04
[1m26/44[0m [32mΓöüΓöüΓöüΓöüΓöüΓöüΓöüΓöüΓöüΓöüΓöü[0m[37mΓöüΓöüΓöüΓöüΓöüΓöüΓöüΓöüΓöü[0m [1m1s[0m 109ms/step - accuracy: 1.0000 - loss: 1.1242e-04
[1m27/44[0m [32mΓöüΓöüΓöüΓöüΓöüΓöüΓöüΓöüΓöüΓöüΓöüΓöü[0m[37mΓöüΓöüΓöüΓöüΓöüΓöüΓöüΓöü[0m [1m1s[0m 108ms/step - accuracy: 1.0000 - loss: 1.0986e-04
[1m28/44[0m [32mΓöüΓöüΓöüΓöüΓöüΓöüΓöüΓöüΓöüΓöüΓöüΓöü[0m[37mΓöüΓöüΓöüΓöüΓöüΓöüΓöüΓöü[0m [1m1s[0m 108ms/step - accuracy: 1.0000 - loss: 1.0742e-04
[1m29/44[0m [32mΓöüΓöüΓöüΓöüΓöüΓöüΓöüΓöüΓöüΓöüΓöüΓöüΓöü[0m[37mΓöüΓöüΓöüΓöüΓöüΓöüΓöü[0m [1m1s[0m 108ms/step - accuracy: 1.0000 - loss: 1.0514e-04
[1m30/44[0m [32mΓöüΓöüΓöüΓöüΓöüΓöüΓöüΓöüΓöüΓöüΓöüΓöüΓöü[0m[37mΓöüΓöüΓöüΓöüΓöüΓöüΓöü[0m [1m1s[0m 108ms/step - accuracy: 1.0000 - loss: 1.0297e-04
[1m31/44[0m [32mΓöüΓöüΓöüΓöüΓöüΓöüΓöüΓöüΓöüΓöüΓöüΓöüΓöüΓöü[0m[37mΓöüΓöüΓöüΓöüΓöüΓöü[0m [1m1s[0m 108ms/step - accuracy: 1.0000 - loss: 1.0090e-04
[1m32/44[0m [32mΓöüΓöüΓöüΓöüΓöüΓöüΓöüΓöüΓöüΓöüΓöüΓöüΓöüΓöü[0m[37mΓöüΓöüΓöüΓöüΓöüΓöü[0m [1m1s[0m 109ms/step - accuracy: 1.0000 - loss: 9.8917e-05
[1m33/44[0m [32mΓöüΓöüΓöüΓöüΓöüΓöüΓöüΓöüΓöüΓöüΓöüΓöüΓöüΓöüΓöü[0m[37mΓöüΓöüΓöüΓöüΓöü[0m [1m1s[0m 109ms/step - accuracy: 1.0000 - loss: 9.7022e-05
[1m34/44[0m [32mΓöüΓöüΓöüΓöüΓöüΓöüΓöüΓöüΓöüΓöüΓöüΓöüΓöüΓöüΓöü[0m[37mΓöüΓöüΓöüΓöüΓöü[0m [1m1s[0m 109ms/step - accuracy: 1.0000 - loss: 9.5207e-05
[1m35/44[0m [32mΓöüΓöüΓöüΓöüΓöüΓöüΓöüΓöüΓöüΓöüΓöüΓöüΓöüΓöüΓöü[0m[37mΓöüΓöüΓöüΓöüΓöü[0m [1m0s[0m 109ms/step - accuracy: 1.0000 - loss: 9.3468e-05
[1m36/44[0m [32mΓöüΓöüΓöüΓöüΓöüΓöüΓöüΓöüΓöüΓöüΓöüΓöüΓöüΓöüΓöüΓöü[0m[37mΓöüΓöüΓöüΓöü[0m [1m0s[0m 109ms/step - accuracy: 1.0000 - loss: 9.1799e-05
[1m37/44[0m [32mΓöüΓöüΓöüΓöüΓöüΓöüΓöüΓöüΓöüΓöüΓöüΓöüΓöüΓöüΓöüΓöü[0m[37mΓöüΓöüΓöüΓöü[0m [1m0s[0m 109ms/step - accuracy: 1.0000 - loss: 9.0198e-05
[1m38/44[0m [32mΓöüΓöüΓöüΓöüΓöüΓöüΓöüΓöüΓöüΓöüΓöüΓöüΓöüΓöüΓöüΓöüΓöü[0m[37mΓöüΓöüΓöü[0m [1m0s[0m 108ms/step - accuracy: 1.0000 - loss: 8.8662e-05
[1m39/44[0m [32mΓöüΓöüΓöüΓöüΓöüΓöüΓöüΓöüΓöüΓöüΓöüΓöüΓöüΓöüΓöüΓöüΓöü[0m[37mΓöüΓöüΓöü[0m [1m0s[0m 108ms/step - accuracy: 1.0000 - loss: 8.7185e-05
[1m40/44[0m [32mΓöüΓöüΓöüΓöüΓöüΓöüΓöüΓöüΓöüΓöüΓöüΓöüΓöüΓöüΓöüΓöüΓöüΓöü[0m[37mΓöüΓöü[0m [1m0s[0m 108ms/step - accuracy: 1.0000 - loss: 8.5772e-05
[1m41/44[0m [32mΓöüΓöüΓöüΓöüΓöüΓöüΓöüΓöüΓöüΓöüΓöüΓöüΓöüΓöüΓöüΓöüΓöüΓöü[0m[37mΓöüΓöü[0m [1m0s[0m 108ms/step - accuracy: 1.0000 - loss: 8.4411e-05
[1m42/44[0m [32mΓöüΓöüΓöüΓöüΓöüΓöüΓöüΓöüΓöüΓöüΓöüΓöüΓöüΓöüΓöüΓöüΓöüΓöüΓöü[0m[37mΓöü[0m [1m0s[0m 108ms/step - accuracy: 1.0000 - loss: 8.3098e-05
[1m43/44[0m [32mΓöüΓöüΓöüΓöüΓöüΓöüΓöüΓöüΓöüΓöüΓöüΓöüΓöüΓöüΓöüΓöüΓöüΓöüΓöü[0m[37mΓöü[0m [1m0s[0m 108ms/step - accuracy: 1.0000 - loss: 8.1833e-05
[1m44/44[0m [32mΓöüΓöüΓöüΓöüΓöüΓöüΓöüΓöüΓöüΓöüΓöüΓöüΓöüΓöüΓöüΓöüΓöüΓöüΓöüΓöü[0m[37m[0m [1m0s[0m 107ms/step - accuracy: 1.0000 - loss: 8.0616e-05
Epoch 5: ReduceLROnPlateau reducing learning rate to 0.0005000000237487257.

Epoch 5: val_accuracy did not improve from 1.00000

[1m44/44[0m [32mΓöüΓöüΓöüΓöüΓöüΓöüΓöüΓöüΓöüΓöüΓöüΓöüΓöüΓöüΓöüΓöüΓöüΓöüΓöüΓöü[0m[37m[0m [1m6s[0m 123ms/step - accuracy: 1.0000 - loss: 2.8288e-05 - val_accuracy: 1.0000 - val_loss: 9.5927e-15 - learning_rate: 0.0010
Epoch 6/30

[1m 1/44[0m [37mΓöüΓöüΓöüΓöüΓöüΓöüΓöüΓöüΓöüΓöüΓöüΓöüΓöüΓöüΓöüΓöüΓöüΓöüΓöüΓöü[0m [1m10s[0m 244ms/step - accuracy: 1.0000 - loss: 7.2983e-06
[1m 2/44[0m [37mΓöüΓöüΓöüΓöüΓöüΓöüΓöüΓöüΓöüΓöüΓöüΓöüΓöüΓöüΓöüΓöüΓöüΓöüΓöüΓöü[0m [1m4s[0m 108ms/step - accuracy: 1.0000 - loss: 6.1839e-06 
[1m 3/44[0m [32mΓöü[0m[37mΓöüΓöüΓöüΓöüΓöüΓöüΓöüΓöüΓöüΓöüΓöüΓöüΓöüΓöüΓöüΓöüΓöüΓöüΓöü[0m [1m4s[0m 108ms/step - accuracy: 1.0000 - loss: 5.5415e-06
[1m 4/44[0m [32mΓöü[0m[37mΓöüΓöüΓöüΓöüΓöüΓöüΓöüΓöüΓöüΓöüΓöüΓöüΓöüΓöüΓöüΓöüΓöüΓöüΓöü[0m [1m4s[0m 105ms/step - accuracy: 1.0000 - loss: 4.9583e-06
[1m 5/44[0m [32mΓöüΓöü[0m[37mΓöüΓöüΓöüΓöüΓöüΓöüΓöüΓöüΓöüΓöüΓöüΓöüΓöüΓöüΓöüΓöüΓöüΓöü[0m [1m4s[0m 104ms/step - accuracy: 1.0000 - loss: 5.0485e-06
[1m 6/44[0m [32mΓöüΓöü[0m[37mΓöüΓöüΓöüΓöüΓöüΓöüΓöüΓöüΓöüΓöüΓöüΓöüΓöüΓöüΓöüΓöüΓöüΓöü[0m [1m3s[0m 103ms/step - accuracy: 1.0000 - loss: 4.9782e-06
[1m 7/44[0m [32mΓöüΓöüΓöü[0m[37mΓöüΓöüΓöüΓöüΓöüΓöüΓöüΓöüΓöüΓöüΓöüΓöüΓöüΓöüΓöüΓöüΓöü[0m [1m3s[0m 103ms/step - accuracy: 1.0000 - loss: 6.0402e-06
[1m 8/44[0m [32mΓöüΓöüΓöü[0m[37mΓöüΓöüΓöüΓöüΓöüΓöüΓöüΓöüΓöüΓöüΓöüΓöüΓöüΓöüΓöüΓöüΓöü[0m [1m3s[0m 103ms/step - accuracy: 1.0000 - loss: 6.6448e-06
[1m 9/44[0m [32mΓöüΓöüΓöüΓöü[0m[37mΓöüΓöüΓöüΓöüΓöüΓöüΓöüΓöüΓöüΓöüΓöüΓöüΓöüΓöüΓöüΓöü[0m [1m3s[0m 103ms/step - accuracy: 1.0000 - loss: 6.9822e-06
[1m10/44[0m [32mΓöüΓöüΓöüΓöü[0m[37mΓöüΓöüΓöüΓöüΓöüΓöüΓöüΓöüΓöüΓöüΓöüΓöüΓöüΓöüΓöüΓöü[0m [1m3s[0m 102ms/step - accuracy: 1.0000 - loss: 7.4061e-06
[1m11/44[0m [32mΓöüΓöüΓöüΓöüΓöü[0m[37mΓöüΓöüΓöüΓöüΓöüΓöüΓöüΓöüΓöüΓöüΓöüΓöüΓöüΓöüΓöü[0m [1m3s[0m 102ms/step - accuracy: 1.0000 - loss: 7.6634e-06
[1m12/44[0m [32mΓöüΓöüΓöüΓöüΓöü[0m[37mΓöüΓöüΓöüΓöüΓöüΓöüΓöüΓöüΓöüΓöüΓöüΓöüΓöüΓöüΓöü[0m [1m3s[0m 103ms/step - accuracy: 1.0000 - loss: 7.8080e-06
[1m13/44[0m [32mΓöüΓöüΓöüΓöüΓöü[0m[37mΓöüΓöüΓöüΓöüΓöüΓöüΓöüΓöüΓöüΓöüΓöüΓöüΓöüΓöüΓöü[0m [1m3s[0m 104ms/step - accuracy: 1.0000 - loss: 7.8758e-06
[1m14/44[0m [32mΓöüΓöüΓöüΓöüΓöüΓöü[0m[37mΓöüΓöüΓöüΓöüΓöüΓöüΓöüΓöüΓöüΓöüΓöüΓöüΓöüΓöü[0m [1m3s[0m 105ms/step - accuracy: 1.0000 - loss: 7.8976e-06
[1m15/44[0m [32mΓöüΓöüΓöüΓöüΓöüΓöü[0m[37mΓöüΓöüΓöüΓöüΓöüΓöüΓöüΓöüΓöüΓöüΓöüΓöüΓöüΓöü[0m [1m3s[0m 106ms/step - accuracy: 1.0000 - loss: 7.9515e-06
[1m16/44[0m [32mΓöüΓöüΓöüΓöüΓöüΓöüΓöü[0m[37mΓöüΓöüΓöüΓöüΓöüΓöüΓöüΓöüΓöüΓöüΓöüΓöüΓöü[0m [1m2s[0m 106ms/step - accuracy: 1.0000 - loss: 7.9647e-06
[1m17/44[0m [32mΓöüΓöüΓöüΓöüΓöüΓöüΓöü[0m[37mΓöüΓöüΓöüΓöüΓöüΓöüΓöüΓöüΓöüΓöüΓöüΓöüΓöü[0m [1m2s[0m 108ms/step - accuracy: 1.0000 - loss: 7.9603e-06
[1m18/44[0m [32mΓöüΓöüΓöüΓöüΓöüΓöüΓöüΓöü[0m[37mΓöüΓöüΓöüΓöüΓöüΓöüΓöüΓöüΓöüΓöüΓöüΓöü[0m [1m2s[0m 109ms/step - accuracy: 1.0000 - loss: 7.9334e-06
[1m19/44[0m [32mΓöüΓöüΓöüΓöüΓöüΓöüΓöüΓöü[0m[37mΓöüΓöüΓöüΓöüΓöüΓöüΓöüΓöüΓöüΓöüΓöüΓöü[0m [1m2s[0m 109ms/step - accuracy: 1.0000 - loss: 7.9773e-06
[1m20/44[0m [32mΓöüΓöüΓöüΓöüΓöüΓöüΓöüΓöüΓöü[0m[37mΓöüΓöüΓöüΓöüΓöüΓöüΓöüΓöüΓöüΓöüΓöü[0m [1m2s[0m 109ms/step - accuracy: 1.0000 - loss: 7.9954e-06
[1m21/44[0m [32mΓöüΓöüΓöüΓöüΓöüΓöüΓöüΓöüΓöü[0m[37mΓöüΓöüΓöüΓöüΓöüΓöüΓöüΓöüΓöüΓöüΓöü[0m [1m2s[0m 109ms/step - accuracy: 1.0000 - loss: 7.9929e-06
[1m22/44[0m [32mΓöüΓöüΓöüΓöüΓöüΓöüΓöüΓöüΓöüΓöü[0m[37mΓöüΓöüΓöüΓöüΓöüΓöüΓöüΓöüΓöüΓöü[0m [1m2s[0m 109ms/step - accuracy: 1.0000 - loss: 7.9761e-06
[1m23/44[0m [32mΓöüΓöüΓöüΓöüΓöüΓöüΓöüΓöüΓöüΓöü[0m[37mΓöüΓöüΓöüΓöüΓöüΓöüΓöüΓöüΓöüΓöü[0m [1m2s[0m 108ms/step - accuracy: 1.0000 - loss: 7.9488e-06
[1m24/44[0m [32mΓöüΓöüΓöüΓöüΓöüΓöüΓöüΓöüΓöüΓöü[0m[37mΓöüΓöüΓöüΓöüΓöüΓöüΓöüΓöüΓöüΓöü[0m [1m2s[0m 108ms/step - accuracy: 1.0000 - loss: 7.9119e-06
[1m25/44[0m [32mΓöüΓöüΓöüΓöüΓöüΓöüΓöüΓöüΓöüΓöüΓöü[0m[37mΓöüΓöüΓöüΓöüΓöüΓöüΓöüΓöüΓöü[0m [1m2s[0m 108ms/step - accuracy: 1.0000 - loss: 7.8667e-06
[1m26/44[0m [32mΓöüΓöüΓöüΓöüΓöüΓöüΓöüΓöüΓöüΓöüΓöü[0m[37mΓöüΓöüΓöüΓöüΓöüΓöüΓöüΓöüΓöü[0m [1m1s[0m 108ms/step - accuracy: 1.0000 - loss: 7.8367e-06
[1m27/44[0m [32mΓöüΓöüΓöüΓöüΓöüΓöüΓöüΓöüΓöüΓöüΓöüΓöü[0m[37mΓöüΓöüΓöüΓöüΓöüΓöüΓöüΓöü[0m [1m1s[0m 108ms/step - accuracy: 1.0000 - loss: 7.7999e-06
[1m28/44[0m [32mΓöüΓöüΓöüΓöüΓöüΓöüΓöüΓöüΓöüΓöüΓöüΓöü[0m[37mΓöüΓöüΓöüΓöüΓöüΓöüΓöüΓöü[0m [1m1s[0m 108ms/step - accuracy: 1.0000 - loss: 7.7629e-06
[1m29/44[0m [32mΓöüΓöüΓöüΓöüΓöüΓöüΓöüΓöüΓöüΓöüΓöüΓöüΓöü[0m[37mΓöüΓöüΓöüΓöüΓöüΓöüΓöü[0m [1m1s[0m 108ms/step - accuracy: 1.0000 - loss: 7.7254e-06
[1m30/44[0m [32mΓöüΓöüΓöüΓöüΓöüΓöüΓöüΓöüΓöüΓöüΓöüΓöüΓöü[0m[37mΓöüΓöüΓöüΓöüΓöüΓöüΓöü[0m [1m1s[0m 108ms/step - accuracy: 1.0000 - loss: 7.6855e-06
[1m31/44[0m [32mΓöüΓöüΓöüΓöüΓöüΓöüΓöüΓöüΓöüΓöüΓöüΓöüΓöüΓöü[0m[37mΓöüΓöüΓöüΓöüΓöüΓöü[0m [1m1s[0m 107ms/step - accuracy: 1.0000 - loss: 7.6436e-06
[1m32/44[0m [32mΓöüΓöüΓöüΓöüΓöüΓöüΓöüΓöüΓöüΓöüΓöüΓöüΓöüΓöü[0m[37mΓöüΓöüΓöüΓöüΓöüΓöü[0m [1m1s[0m 107ms/step - accuracy: 1.0000 - loss: 7.6157e-06
[1m33/44[0m [32mΓöüΓöüΓöüΓöüΓöüΓöüΓöüΓöüΓöüΓöüΓöüΓöüΓöüΓöüΓöü[0m[37mΓöüΓöüΓöüΓöüΓöü[0m [1m1s[0m 107ms/step - accuracy: 1.0000 - loss: 7.5835e-06
[1m34/44[0m [32mΓöüΓöüΓöüΓöüΓöüΓöüΓöüΓöüΓöüΓöüΓöüΓöüΓöüΓöüΓöü[0m[37mΓöüΓöüΓöüΓöüΓöü[0m [1m1s[0m 107ms/step - accuracy: 1.0000 - loss: 7.5476e-06
[1m35/44[0m [32mΓöüΓöüΓöüΓöüΓöüΓöüΓöüΓöüΓöüΓöüΓöüΓöüΓöüΓöüΓöü[0m[37mΓöüΓöüΓöüΓöüΓöü[0m [1m0s[0m 107ms/step - accuracy: 1.0000 - loss: 7.5086e-06
[1m36/44[0m [32mΓöüΓöüΓöüΓöüΓöüΓöüΓöüΓöüΓöüΓöüΓöüΓöüΓöüΓöüΓöüΓöü[0m[37mΓöüΓöüΓöüΓöü[0m [1m0s[0m 107ms/step - accuracy: 1.0000 - loss: 7.4671e-06
[1m37/44[0m [32mΓöüΓöüΓöüΓöüΓöüΓöüΓöüΓöüΓöüΓöüΓöüΓöüΓöüΓöüΓöüΓöü[0m[37mΓöüΓöüΓöüΓöü[0m [1m0s[0m 107ms/step - accuracy: 1.0000 - loss: 7.4290e-06
[1m38/44[0m [32mΓöüΓöüΓöüΓöüΓöüΓöüΓöüΓöüΓöüΓöüΓöüΓöüΓöüΓöüΓöüΓöüΓöü[0m[37mΓöüΓöüΓöü[0m [1m0s[0m 107ms/step - accuracy: 1.0000 - loss: 7.3980e-06
[1m39/44[0m [32mΓöüΓöüΓöüΓöüΓöüΓöüΓöüΓöüΓöüΓöüΓöüΓöüΓöüΓöüΓöüΓöüΓöü[0m[37mΓöüΓöüΓöü[0m [1m0s[0m 107ms/step - accuracy: 1.0000 - loss: 7.3686e-06
[1m40/44[0m [32mΓöüΓöüΓöüΓöüΓöüΓöüΓöüΓöüΓöüΓöüΓöüΓöüΓöüΓöüΓöüΓöüΓöüΓöü[0m[37mΓöüΓöü[0m [1m0s[0m 107ms/step - accuracy: 1.0000 - loss: 7.3374e-06
[1m41/44[0m [32mΓöüΓöüΓöüΓöüΓöüΓöüΓöüΓöüΓöüΓöüΓöüΓöüΓöüΓöüΓöüΓöüΓöüΓöü[0m[37mΓöüΓöü[0m [1m0s[0m 107ms/step - accuracy: 1.0000 - loss: 7.3048e-06
[1m42/44[0m [32mΓöüΓöüΓöüΓöüΓöüΓöüΓöüΓöüΓöüΓöüΓöüΓöüΓöüΓöüΓöüΓöüΓöüΓöüΓöü[0m[37mΓöü[0m [1m0s[0m 106ms/step - accuracy: 1.0000 - loss: 7.2737e-06
[1m43/44[0m [32mΓöüΓöüΓöüΓöüΓöüΓöüΓöüΓöüΓöüΓöüΓöüΓöüΓöüΓöüΓöüΓöüΓöüΓöüΓöü[0m[37mΓöü[0m [1m0s[0m 106ms/step - accuracy: 1.0000 - loss: 7.2409e-06
[1m44/44[0m [32mΓöüΓöüΓöüΓöüΓöüΓöüΓöüΓöüΓöüΓöüΓöüΓöüΓöüΓöüΓöüΓöüΓöüΓöüΓöüΓöü[0m[37m[0m [1m0s[0m 105ms/step - accuracy: 1.0000 - loss: 7.2150e-06
Epoch 6: val_accuracy did not improve from 1.00000

[1m44/44[0m [32mΓöüΓöüΓöüΓöüΓöüΓöüΓöüΓöüΓöüΓöüΓöüΓöüΓöüΓöüΓöüΓöüΓöüΓöüΓöüΓöü[0m[37m[0m [1m6s[0m 122ms/step - accuracy: 1.0000 - loss: 6.1033e-06 - val_accuracy: 1.0000 - val_loss: 4.7333e-15 - learning_rate: 5.0000e-04
Epoch 7/30

[1m 1/44[0m [37mΓöüΓöüΓöüΓöüΓöüΓöüΓöüΓöüΓöüΓöüΓöüΓöüΓöüΓöüΓöüΓöüΓöüΓöüΓöüΓöü[0m [1m9s[0m 219ms/step - accuracy: 1.0000 - loss: 3.4338e-04
[1m 2/44[0m [37mΓöüΓöüΓöüΓöüΓöüΓöüΓöüΓöüΓöüΓöüΓöüΓöüΓöüΓöüΓöüΓöüΓöüΓöüΓöüΓöü[0m [1m4s[0m 99ms/step - accuracy: 1.0000 - loss: 2.5755e-04 
[1m 3/44[0m [32mΓöü[0m[37mΓöüΓöüΓöüΓöüΓöüΓöüΓöüΓöüΓöüΓöüΓöüΓöüΓöüΓöüΓöüΓöüΓöüΓöüΓöü[0m [1m4s[0m 101ms/step - accuracy: 1.0000 - loss: 2.0990e-04
[1m 4/44[0m [32mΓöü[0m[37mΓöüΓöüΓöüΓöüΓöüΓöüΓöüΓöüΓöüΓöüΓöüΓöüΓöüΓöüΓöüΓöüΓöüΓöüΓöü[0m [1m4s[0m 100ms/step - accuracy: 1.0000 - loss: 1.7930e-04
[1m 5/44[0m [32mΓöüΓöü[0m[37mΓöüΓöüΓöüΓöüΓöüΓöüΓöüΓöüΓöüΓöüΓöüΓöüΓöüΓöüΓöüΓöüΓöüΓöü[0m [1m3s[0m 102ms/step - accuracy: 1.0000 - loss: 1.5841e-04
[1m 6/44[0m [32mΓöüΓöü[0m[37mΓöüΓöüΓöüΓöüΓöüΓöüΓöüΓöüΓöüΓöüΓöüΓöüΓöüΓöüΓöüΓöüΓöüΓöü[0m [1m4s[0m 107ms/step - accuracy: 1.0000 - loss: 1.4242e-04
[1m 7/44[0m [32mΓöüΓöüΓöü[0m[37mΓöüΓöüΓöüΓöüΓöüΓöüΓöüΓöüΓöüΓöüΓöüΓöüΓöüΓöüΓöüΓöüΓöü[0m [1m4s[0m 108ms/step - accuracy: 1.0000 - loss: 1.2984e-04
[1m 8/44[0m [32mΓöüΓöüΓöü[0m[37mΓöüΓöüΓöüΓöüΓöüΓöüΓöüΓöüΓöüΓöüΓöüΓöüΓöüΓöüΓöüΓöüΓöü[0m [1m3s[0m 110ms/step - accuracy: 1.0000 - loss: 1.1956e-04
[1m 9/44[0m [32mΓöüΓöüΓöüΓöü[0m[37mΓöüΓöüΓöüΓöüΓöüΓöüΓöüΓöüΓöüΓöüΓöüΓöüΓöüΓöüΓöüΓöü[0m [1m3s[0m 110ms/step - accuracy: 1.0000 - loss: 1.1099e-04
[1m10/44[0m [32mΓöüΓöüΓöüΓöü[0m[37mΓöüΓöüΓöüΓöüΓöüΓöüΓöüΓöüΓöüΓöüΓöüΓöüΓöüΓöüΓöüΓöü[0m [1m3s[0m 110ms/step - accuracy: 1.0000 - loss: 1.0414e-04
[1m11/44[0m [32mΓöüΓöüΓöüΓöüΓöü[0m[37mΓöüΓöüΓöüΓöüΓöüΓöüΓöüΓöüΓöüΓöüΓöüΓöüΓöüΓöüΓöü[0m [1m3s[0m 109ms/step - accuracy: 1.0000 - loss: 9.8189e-05
[1m12/44[0m [32mΓöüΓöüΓöüΓöüΓöü[0m[37mΓöüΓöüΓöüΓöüΓöüΓöüΓöüΓöüΓöüΓöüΓöüΓöüΓöüΓöüΓöü[0m [1m3s[0m 111ms/step - accuracy: 1.0000 - loss: 9.2959e-05
[1m13/44[0m [32mΓöüΓöüΓöüΓöüΓöü[0m[37mΓöüΓöüΓöüΓöüΓöüΓöüΓöüΓöüΓöüΓöüΓöüΓöüΓöüΓöüΓöü[0m [1m3s[0m 110ms/step - accuracy: 1.0000 - loss: 8.8327e-05
[1m14/44[0m [32mΓöüΓöüΓöüΓöüΓöüΓöü[0m[37mΓöüΓöüΓöüΓöüΓöüΓöüΓöüΓöüΓöüΓöüΓöüΓöüΓöüΓöü[0m [1m3s[0m 110ms/step - accuracy: 1.0000 - loss: 8.4192e-05
[1m15/44[0m [32mΓöüΓöüΓöüΓöüΓöüΓöü[0m[37mΓöüΓöüΓöüΓöüΓöüΓöüΓöüΓöüΓöüΓöüΓöüΓöüΓöüΓöü[0m [1m3s[0m 110ms/step - accuracy: 1.0000 - loss: 8.0474e-05
[1m16/44[0m [32mΓöüΓöüΓöüΓöüΓöüΓöüΓöü[0m[37mΓöüΓöüΓöüΓöüΓöüΓöüΓöüΓöüΓöüΓöüΓöüΓöüΓöü[0m [1m3s[0m 110ms/step - accuracy: 1.0000 - loss: 7.7112e-05
[1m17/44[0m [32mΓöüΓöüΓöüΓöüΓöüΓöüΓöü[0m[37mΓöüΓöüΓöüΓöüΓöüΓöüΓöüΓöüΓöüΓöüΓöüΓöüΓöü[0m [1m2s[0m 110ms/step - accuracy: 1.0000 - loss: 7.4053e-05
[1m18/44[0m [32mΓöüΓöüΓöüΓöüΓöüΓöüΓöüΓöü[0m[37mΓöüΓöüΓöüΓöüΓöüΓöüΓöüΓöüΓöüΓöüΓöüΓöü[0m [1m2s[0m 109ms/step - accuracy: 1.0000 - loss: 7.1257e-05
[1m19/44[0m [32mΓöüΓöüΓöüΓöüΓöüΓöüΓöüΓöü[0m[37mΓöüΓöüΓöüΓöüΓöüΓöüΓöüΓöüΓöüΓöüΓöüΓöü[0m [1m2s[0m 109ms/step - accuracy: 1.0000 - loss: 6.9983e-05
[1m20/44[0m [32mΓöüΓöüΓöüΓöüΓöüΓöüΓöüΓöüΓöü[0m[37mΓöüΓöüΓöüΓöüΓöüΓöüΓöüΓöüΓöüΓöüΓöü[0m [1m2s[0m 108ms/step - accuracy: 1.0000 - loss: 6.8720e-05
[1m21/44[0m [32mΓöüΓöüΓöüΓöüΓöüΓöüΓöüΓöüΓöü[0m[37mΓöüΓöüΓöüΓöüΓöüΓöüΓöüΓöüΓöüΓöüΓöü[0m [1m2s[0m 108ms/step - accuracy: 1.0000 - loss: 6.7479e-05
[1m22/44[0m [32mΓöüΓöüΓöüΓöüΓöüΓöüΓöüΓöüΓöüΓöü[0m[37mΓöüΓöüΓöüΓöüΓöüΓöüΓöüΓöüΓöüΓöü[0m [1m2s[0m 108ms/step - accuracy: 1.0000 - loss: 6.6262e-05
[1m23/44[0m [32mΓöüΓöüΓöüΓöüΓöüΓöüΓöüΓöüΓöüΓöü[0m[37mΓöüΓöüΓöüΓöüΓöüΓöüΓöüΓöüΓöüΓöü[0m [1m2s[0m 108ms/step - accuracy: 1.0000 - loss: 6.5085e-05
[1m24/44[0m [32mΓöüΓöüΓöüΓöüΓöüΓöüΓöüΓöüΓöüΓöü[0m[37mΓöüΓöüΓöüΓöüΓöüΓöüΓöüΓöüΓöüΓöü[0m [1m2s[0m 108ms/step - accuracy: 1.0000 - loss: 6.4137e-05
[1m25/44[0m [32mΓöüΓöüΓöüΓöüΓöüΓöüΓöüΓöüΓöüΓöüΓöü[0m[37mΓöüΓöüΓöüΓöüΓöüΓöüΓöüΓöüΓöü[0m [1m2s[0m 109ms/step - accuracy: 1.0000 - loss: 6.3199e-05
[1m26/44[0m [32mΓöüΓöüΓöüΓöüΓöüΓöüΓöüΓöüΓöüΓöüΓöü[0m[37mΓöüΓöüΓöüΓöüΓöüΓöüΓöüΓöüΓöü[0m [1m1s[0m 108ms/step - accuracy: 1.0000 - loss: 6.2273e-05
[1m27/44[0m [32mΓöüΓöüΓöüΓöüΓöüΓöüΓöüΓöüΓöüΓöüΓöüΓöü[0m[37mΓöüΓöüΓöüΓöüΓöüΓöüΓöüΓöü[0m [1m1s[0m 108ms/step - accuracy: 1.0000 - loss: 6.1362e-05
[1m28/44[0m [32mΓöüΓöüΓöüΓöüΓöüΓöüΓöüΓöüΓöüΓöüΓöüΓöü[0m[37mΓöüΓöüΓöüΓöüΓöüΓöüΓöüΓöü[0m [1m1s[0m 108ms/step - accuracy: 1.0000 - loss: 6.0469e-05
[1m29/44[0m [32mΓöüΓöüΓöüΓöüΓöüΓöüΓöüΓöüΓöüΓöüΓöüΓöüΓöü[0m[37mΓöüΓöüΓöüΓöüΓöüΓöüΓöü[0m [1m1s[0m 108ms/step - accuracy: 1.0000 - loss: 5.9594e-05
[1m30/44[0m [32mΓöüΓöüΓöüΓöüΓöüΓöüΓöüΓöüΓöüΓöüΓöüΓöüΓöü[0m[37mΓöüΓöüΓöüΓöüΓöüΓöüΓöü[0m [1m1s[0m 108ms/step - accuracy: 1.0000 - loss: 5.8743e-05
[1m31/44[0m [32mΓöüΓöüΓöüΓöüΓöüΓöüΓöüΓöüΓöüΓöüΓöüΓöüΓöüΓöü[0m[37mΓöüΓöüΓöüΓöüΓöüΓöü[0m [1m1s[0m 108ms/step - accuracy: 1.0000 - loss: 5.7911e-05
[1m32/44[0m [32mΓöüΓöüΓöüΓöüΓöüΓöüΓöüΓöüΓöüΓöüΓöüΓöüΓöüΓöü[0m[37mΓöüΓöüΓöüΓöüΓöüΓöü[0m [1m1s[0m 108ms/step - accuracy: 1.0000 - loss: 5.7100e-05
[1m33/44[0m [32mΓöüΓöüΓöüΓöüΓöüΓöüΓöüΓöüΓöüΓöüΓöüΓöüΓöüΓöüΓöü[0m[37mΓöüΓöüΓöüΓöüΓöü[0m [1m1s[0m 108ms/step - accuracy: 1.0000 - loss: 5.6310e-05
[1m34/44[0m [32mΓöüΓöüΓöüΓöüΓöüΓöüΓöüΓöüΓöüΓöüΓöüΓöüΓöüΓöüΓöü[0m[37mΓöüΓöüΓöüΓöüΓöü[0m [1m1s[0m 108ms/step - accuracy: 1.0000 - loss: 5.5541e-05
[1m35/44[0m [32mΓöüΓöüΓöüΓöüΓöüΓöüΓöüΓöüΓöüΓöüΓöüΓöüΓöüΓöüΓöü[0m[37mΓöüΓöüΓöüΓöüΓöü[0m [1m0s[0m 108ms/step - accuracy: 1.0000 - loss: 5.4792e-05
[1m36/44[0m [32mΓöüΓöüΓöüΓöüΓöüΓöüΓöüΓöüΓöüΓöüΓöüΓöüΓöüΓöüΓöüΓöü[0m[37mΓöüΓöüΓöüΓöü[0m [1m0s[0m 108ms/step - accuracy: 1.0000 - loss: 5.4062e-05
[1m37/44[0m [32mΓöüΓöüΓöüΓöüΓöüΓöüΓöüΓöüΓöüΓöüΓöüΓöüΓöüΓöüΓöüΓöü[0m[37mΓöüΓöüΓöüΓöü[0m [1m0s[0m 108ms/step - accuracy: 1.0000 - loss: 5.3351e-05
[1m38/44[0m [32mΓöüΓöüΓöüΓöüΓöüΓöüΓöüΓöüΓöüΓöüΓöüΓöüΓöüΓöüΓöüΓöüΓöü[0m[37mΓöüΓöüΓöü[0m [1m0s[0m 107ms/step - accuracy: 1.0000 - loss: 5.2659e-05
[1m39/44[0m [32mΓöüΓöüΓöüΓöüΓöüΓöüΓöüΓöüΓöüΓöüΓöüΓöüΓöüΓöüΓöüΓöüΓöü[0m[37mΓöüΓöüΓöü[0m [1m0s[0m 108ms/step - accuracy: 1.0000 - loss: 5.2001e-05
[1m40/44[0m [32mΓöüΓöüΓöüΓöüΓöüΓöüΓöüΓöüΓöüΓöüΓöüΓöüΓöüΓöüΓöüΓöüΓöüΓöü[0m[37mΓöüΓöü[0m [1m0s[0m 108ms/step - accuracy: 1.0000 - loss: 5.1362e-05
[1m41/44[0m [32mΓöüΓöüΓöüΓöüΓöüΓöüΓöüΓöüΓöüΓöüΓöüΓöüΓöüΓöüΓöüΓöüΓöüΓöü[0m[37mΓöüΓöü[0m [1m0s[0m 108ms/step - accuracy: 1.0000 - loss: 5.0738e-05
[1m42/44[0m [32mΓöüΓöüΓöüΓöüΓöüΓöüΓöüΓöüΓöüΓöüΓöüΓöüΓöüΓöüΓöüΓöüΓöüΓöüΓöü[0m[37mΓöü[0m [1m0s[0m 108ms/step - accuracy: 1.0000 - loss: 5.0175e-05
[1m43/44[0m [32mΓöüΓöüΓöüΓöüΓöüΓöüΓöüΓöüΓöüΓöüΓöüΓöüΓöüΓöüΓöüΓöüΓöüΓöüΓöü[0m[37mΓöü[0m [1m0s[0m 108ms/step - accuracy: 1.0000 - loss: 4.9624e-05
[1m44/44[0m [32mΓöüΓöüΓöüΓöüΓöüΓöüΓöüΓöüΓöüΓöüΓöüΓöüΓöüΓöüΓöüΓöüΓöüΓöüΓöüΓöü[0m[37m[0m [1m0s[0m 107ms/step - accuracy: 1.0000 - loss: 4.9087e-05
Epoch 7: val_accuracy did not improve from 1.00000

[1m44/44[0m [32mΓöüΓöüΓöüΓöüΓöüΓöüΓöüΓöüΓöüΓöüΓöüΓöüΓöüΓöüΓöüΓöüΓöüΓöüΓöüΓöü[0m[37m[0m [1m6s[0m 123ms/step - accuracy: 1.0000 - loss: 2.6026e-05 - val_accuracy: 1.0000 - val_loss: 4.7102e-15 - learning_rate: 5.0000e-04
Epoch 8/30

[1m 1/44[0m [37mΓöüΓöüΓöüΓöüΓöüΓöüΓöüΓöüΓöüΓöüΓöüΓöüΓöüΓöüΓöüΓöüΓöüΓöüΓöüΓöü[0m [1m9s[0m 221ms/step - accuracy: 1.0000 - loss: 2.0621e-04
[1m 2/44[0m [37mΓöüΓöüΓöüΓöüΓöüΓöüΓöüΓöüΓöüΓöüΓöüΓöüΓöüΓöüΓöüΓöüΓöüΓöüΓöüΓöü[0m [1m4s[0m 107ms/step - accuracy: 1.0000 - loss: 1.5484e-04
[1m 3/44[0m [32mΓöü[0m[37mΓöüΓöüΓöüΓöüΓöüΓöüΓöüΓöüΓöüΓöüΓöüΓöüΓöüΓöüΓöüΓöüΓöüΓöüΓöü[0m [1m4s[0m 108ms/step - accuracy: 1.0000 - loss: 1.2626e-04
[1m 4/44[0m [32mΓöü[0m[37mΓöüΓöüΓöüΓöüΓöüΓöüΓöüΓöüΓöüΓöüΓöüΓöüΓöüΓöüΓöüΓöüΓöüΓöüΓöü[0m [1m4s[0m 108ms/step - accuracy: 1.0000 - loss: 1.0777e-04
[1m 5/44[0m [32mΓöüΓöü[0m[37mΓöüΓöüΓöüΓöüΓöüΓöüΓöüΓöüΓöüΓöüΓöüΓöüΓöüΓöüΓöüΓöüΓöüΓöü[0m [1m4s[0m 107ms/step - accuracy: 1.0000 - loss: 1.0255e-04
[1m 6/44[0m [32mΓöüΓöü[0m[37mΓöüΓöüΓöüΓöüΓöüΓöüΓöüΓöüΓöüΓöüΓöüΓöüΓöüΓöüΓöüΓöüΓöüΓöü[0m [1m4s[0m 106ms/step - accuracy: 1.0000 - loss: 9.6825e-05
[1m 7/44[0m [32mΓöüΓöüΓöü[0m[37mΓöüΓöüΓöüΓöüΓöüΓöüΓöüΓöüΓöüΓöüΓöüΓöüΓöüΓöüΓöüΓöüΓöü[0m [1m3s[0m 105ms/step - accuracy: 1.0000 - loss: 9.1433e-05
[1m 8/44[0m [32mΓöüΓöüΓöü[0m[37mΓöüΓöüΓöüΓöüΓöüΓöüΓöüΓöüΓöüΓöüΓöüΓöüΓöüΓöüΓöüΓöüΓöü[0m [1m3s[0m 104ms/step - accuracy: 1.0000 - loss: 8.6469e-05
[1m 9/44[0m [32mΓöüΓöüΓöüΓöü[0m[37mΓöüΓöüΓöüΓöüΓöüΓöüΓöüΓöüΓöüΓöüΓöüΓöüΓöüΓöüΓöüΓöü[0m [1m3s[0m 103ms/step - accuracy: 1.0000 - loss: 8.2030e-05
[1m10/44[0m [32mΓöüΓöüΓöüΓöü[0m[37mΓöüΓöüΓöüΓöüΓöüΓöüΓöüΓöüΓöüΓöüΓöüΓöüΓöüΓöüΓöüΓöü[0m [1m3s[0m 102ms/step - accuracy: 1.0000 - loss: 7.8940e-05
[1m11/44[0m [32mΓöüΓöüΓöüΓöüΓöü[0m[37mΓöüΓöüΓöüΓöüΓöüΓöüΓöüΓöüΓöüΓöüΓöüΓöüΓöüΓöüΓöü[0m [1m3s[0m 102ms/step - accuracy: 1.0000 - loss: 7.5994e-05
[1m12/44[0m [32mΓöüΓöüΓöüΓöüΓöü[0m[37mΓöüΓöüΓöüΓöüΓöüΓöüΓöüΓöüΓöüΓöüΓöüΓöüΓöüΓöüΓöü[0m [1m3s[0m 102ms/step - accuracy: 1.0000 - loss: 7.3216e-05
[1m13/44[0m [32mΓöüΓöüΓöüΓöüΓöü[0m[37mΓöüΓöüΓöüΓöüΓöüΓöüΓöüΓöüΓöüΓöüΓöüΓöüΓöüΓöüΓöü[0m [1m3s[0m 102ms/step - accuracy: 1.0000 - loss: 7.0615e-05
[1m14/44[0m [32mΓöüΓöüΓöüΓöüΓöüΓöü[0m[37mΓöüΓöüΓöüΓöüΓöüΓöüΓöüΓöüΓöüΓöüΓöüΓöüΓöüΓöü[0m [1m3s[0m 102ms/step - accuracy: 1.0000 - loss: 6.8185e-05
[1m15/44[0m [32mΓöüΓöüΓöüΓöüΓöüΓöü[0m[37mΓöüΓöüΓöüΓöüΓöüΓöüΓöüΓöüΓöüΓöüΓöüΓöüΓöüΓöü[0m [1m2s[0m 102ms/step - accuracy: 1.0000 - loss: 6.5926e-05
[1m16/44[0m [32mΓöüΓöüΓöüΓöüΓöüΓöüΓöü[0m[37mΓöüΓöüΓöüΓöüΓöüΓöüΓöüΓöüΓöüΓöüΓöüΓöüΓöü[0m [1m2s[0m 102ms/step - accuracy: 1.0000 - loss: 6.3815e-05
[1m17/44[0m [32mΓöüΓöüΓöüΓöüΓöüΓöüΓöü[0m[37mΓöüΓöüΓöüΓöüΓöüΓöüΓöüΓöüΓöüΓöüΓöüΓöüΓöü[0m [1m2s[0m 103ms/step - accuracy: 1.0000 - loss: 6.1844e-05
[1m18/44[0m [32mΓöüΓöüΓöüΓöüΓöüΓöüΓöüΓöü[0m[37mΓöüΓöüΓöüΓöüΓöüΓöüΓöüΓöüΓöüΓöüΓöüΓöü[0m [1m2s[0m 103ms/step - accuracy: 1.0000 - loss: 6.0000e-05
[1m19/44[0m [32mΓöüΓöüΓöüΓöüΓöüΓöüΓöüΓöü[0m[37mΓöüΓöüΓöüΓöüΓöüΓöüΓöüΓöüΓöüΓöüΓöüΓöü[0m [1m2s[0m 102ms/step - accuracy: 1.0000 - loss: 5.8273e-05
[1m20/44[0m [32mΓöüΓöüΓöüΓöüΓöüΓöüΓöüΓöüΓöü[0m[37mΓöüΓöüΓöüΓöüΓöüΓöüΓöüΓöüΓöüΓöüΓöü[0m [1m2s[0m 102ms/step - accuracy: 1.0000 - loss: 5.6677e-05
[1m21/44[0m [32mΓöüΓöüΓöüΓöüΓöüΓöüΓöüΓöüΓöü[0m[37mΓöüΓöüΓöüΓöüΓöüΓöüΓöüΓöüΓöüΓöüΓöü[0m [1m2s[0m 103ms/step - accuracy: 1.0000 - loss: 5.5175e-05
[1m22/44[0m [32mΓöüΓöüΓöüΓöüΓöüΓöüΓöüΓöüΓöüΓöü[0m[37mΓöüΓöüΓöüΓöüΓöüΓöüΓöüΓöüΓöüΓöü[0m [1m2s[0m 103ms/step - accuracy: 1.0000 - loss: 5.3758e-05
[1m23/44[0m [32mΓöüΓöüΓöüΓöüΓöüΓöüΓöüΓöüΓöüΓöü[0m[37mΓöüΓöüΓöüΓöüΓöüΓöüΓöüΓöüΓöüΓöü[0m [1m2s[0m 103ms/step - accuracy: 1.0000 - loss: 5.2421e-05
[1m24/44[0m [32mΓöüΓöüΓöüΓöüΓöüΓöüΓöüΓöüΓöüΓöü[0m[37mΓöüΓöüΓöüΓöüΓöüΓöüΓöüΓöüΓöüΓöü[0m [1m2s[0m 103ms/step - accuracy: 1.0000 - loss: 5.1206e-05
[1m25/44[0m [32mΓöüΓöüΓöüΓöüΓöüΓöüΓöüΓöüΓöüΓöüΓöü[0m[37mΓöüΓöüΓöüΓöüΓöüΓöüΓöüΓöüΓöü[0m [1m1s[0m 103ms/step - accuracy: 1.0000 - loss: 5.0052e-05
[1m26/44[0m [32mΓöüΓöüΓöüΓöüΓöüΓöüΓöüΓöüΓöüΓöüΓöü[0m[37mΓöüΓöüΓöüΓöüΓöüΓöüΓöüΓöüΓöü[0m [1m1s[0m 103ms/step - accuracy: 1.0000 - loss: 4.8961e-05
[1m27/44[0m [32mΓöüΓöüΓöüΓöüΓöüΓöüΓöüΓöüΓöüΓöüΓöüΓöü[0m[37mΓöüΓöüΓöüΓöüΓöüΓöüΓöüΓöü[0m [1m1s[0m 103ms/step - accuracy: 1.0000 - loss: 4.7922e-05
[1m28/44[0m [32mΓöüΓöüΓöüΓöüΓöüΓöüΓöüΓöüΓöüΓöüΓöüΓöü[0m[37mΓöüΓöüΓöüΓöüΓöüΓöüΓöüΓöü[0m [1m1s[0m 103ms/step - accuracy: 1.0000 - loss: 4.6931e-05
[1m29/44[0m [32mΓöüΓöüΓöüΓöüΓöüΓöüΓöüΓöüΓöüΓöüΓöüΓöüΓöü[0m[37mΓöüΓöüΓöüΓöüΓöüΓöüΓöü[0m [1m1s[0m 103ms/step - accuracy: 1.0000 - loss: 4.5991e-05
[1m30/44[0m [32mΓöüΓöüΓöüΓöüΓöüΓöüΓöüΓöüΓöüΓöüΓöüΓöüΓöü[0m[37mΓöüΓöüΓöüΓöüΓöüΓöüΓöü[0m [1m1s[0m 103ms/step - accuracy: 1.0000 - loss: 4.5095e-05
[1m31/44[0m [32mΓöüΓöüΓöüΓöüΓöüΓöüΓöüΓöüΓöüΓöüΓöüΓöüΓöüΓöü[0m[37mΓöüΓöüΓöüΓöüΓöüΓöü[0m [1m1s[0m 103ms/step - accuracy: 1.0000 - loss: 4.4236e-05
[1m32/44[0m [32mΓöüΓöüΓöüΓöüΓöüΓöüΓöüΓöüΓöüΓöüΓöüΓöüΓöüΓöü[0m[37mΓöüΓöüΓöüΓöüΓöüΓöü[0m [1m1s[0m 103ms/step - accuracy: 1.0000 - loss: 4.3414e-05
[1m33/44[0m [32mΓöüΓöüΓöüΓöüΓöüΓöüΓöüΓöüΓöüΓöüΓöüΓöüΓöüΓöüΓöü[0m[37mΓöüΓöüΓöüΓöüΓöü[0m [1m1s[0m 103ms/step - accuracy: 1.0000 - loss: 4.2625e-05
[1m34/44[0m [32mΓöüΓöüΓöüΓöüΓöüΓöüΓöüΓöüΓöüΓöüΓöüΓöüΓöüΓöüΓöü[0m[37mΓöüΓöüΓöüΓöüΓöü[0m [1m1s[0m 103ms/step - accuracy: 1.0000 - loss: 4.1868e-05
[1m35/44[0m [32mΓöüΓöüΓöüΓöüΓöüΓöüΓöüΓöüΓöüΓöüΓöüΓöüΓöüΓöüΓöü[0m[37mΓöüΓöüΓöüΓöüΓöü[0m [1m0s[0m 103ms/step - accuracy: 1.0000 - loss: 4.1141e-05
[1m36/44[0m [32mΓöüΓöüΓöüΓöüΓöüΓöüΓöüΓöüΓöüΓöüΓöüΓöüΓöüΓöüΓöüΓöü[0m[37mΓöüΓöüΓöüΓöü[0m [1m0s[0m 103ms/step - accuracy: 1.0000 - loss: 4.0442e-05
[1m37/44[0m [32mΓöüΓöüΓöüΓöüΓöüΓöüΓöüΓöüΓöüΓöüΓöüΓöüΓöüΓöüΓöüΓöü[0m[37mΓöüΓöüΓöüΓöü[0m [1m0s[0m 103ms/step - accuracy: 1.0000 - loss: 3.9819e-05
[1m38/44[0m [32mΓöüΓöüΓöüΓöüΓöüΓöüΓöüΓöüΓöüΓöüΓöüΓöüΓöüΓöüΓöüΓöüΓöü[0m[37mΓöüΓöüΓöü[0m [1m0s[0m 103ms/step - accuracy: 1.0000 - loss: 3.9225e-05
[1m39/44[0m [32mΓöüΓöüΓöüΓöüΓöüΓöüΓöüΓöüΓöüΓöüΓöüΓöüΓöüΓöüΓöüΓöüΓöü[0m[37mΓöüΓöüΓöü[0m [1m0s[0m 104ms/step - accuracy: 1.0000 - loss: 3.8651e-05
[1m40/44[0m [32mΓöüΓöüΓöüΓöüΓöüΓöüΓöüΓöüΓöüΓöüΓöüΓöüΓöüΓöüΓöüΓöüΓöüΓöü[0m[37mΓöüΓöü[0m [1m0s[0m 104ms/step - accuracy: 1.0000 - loss: 3.8411e-05
[1m41/44[0m [32mΓöüΓöüΓöüΓöüΓöüΓöüΓöüΓöüΓöüΓöüΓöüΓöüΓöüΓöüΓöüΓöüΓöüΓöü[0m[37mΓöüΓöü[0m [1m0s[0m 105ms/step - accuracy: 1.0000 - loss: 3.8166e-05
[1m42/44[0m [32mΓöüΓöüΓöüΓöüΓöüΓöüΓöüΓöüΓöüΓöüΓöüΓöüΓöüΓöüΓöüΓöüΓöüΓöüΓöü[0m[37mΓöü[0m [1m0s[0m 105ms/step - accuracy: 1.0000 - loss: 3.7918e-05
[1m43/44[0m [32mΓöüΓöüΓöüΓöüΓöüΓöüΓöüΓöüΓöüΓöüΓöüΓöüΓöüΓöüΓöüΓöüΓöüΓöüΓöü[0m[37mΓöü[0m [1m0s[0m 105ms/step - accuracy: 1.0000 - loss: 3.7666e-05
[1m44/44[0m [32mΓöüΓöüΓöüΓöüΓöüΓöüΓöüΓöüΓöüΓöüΓöüΓöüΓöüΓöüΓöüΓöüΓöüΓöüΓöüΓöü[0m[37m[0m [1m0s[0m 105ms/step - accuracy: 1.0000 - loss: 3.7420e-05
Epoch 8: val_accuracy did not improve from 1.00000

[1m44/44[0m [32mΓöüΓöüΓöüΓöüΓöüΓöüΓöüΓöüΓöüΓöüΓöüΓöüΓöüΓöüΓöüΓöüΓöüΓöüΓöüΓöü[0m[37m[0m [1m6s[0m 123ms/step - accuracy: 1.0000 - loss: 2.6833e-05 - val_accuracy: 1.0000 - val_loss: 8.8817e-15 - learning_rate: 5.0000e-04
Epoch 9/30

[1m 1/44[0m [37mΓöüΓöüΓöüΓöüΓöüΓöüΓöüΓöüΓöüΓöüΓöüΓöüΓöüΓöüΓöüΓöüΓöüΓöüΓöüΓöü[0m [1m13s[0m 320ms/step - accuracy: 1.0000 - loss: 5.1549e-06
[1m 2/44[0m [37mΓöüΓöüΓöüΓöüΓöüΓöüΓöüΓöüΓöüΓöüΓöüΓöüΓöüΓöüΓöüΓöüΓöüΓöüΓöüΓöü[0m [1m5s[0m 142ms/step - accuracy: 1.0000 - loss: 3.9814e-06 
[1m 3/44[0m [32mΓöü[0m[37mΓöüΓöüΓöüΓöüΓöüΓöüΓöüΓöüΓöüΓöüΓöüΓöüΓöüΓöüΓöüΓöüΓöüΓöüΓöü[0m [1m5s[0m 140ms/step - accuracy: 1.0000 - loss: 3.2783e-06
[1m 4/44[0m [32mΓöü[0m[37mΓöüΓöüΓöüΓöüΓöüΓöüΓöüΓöüΓöüΓöüΓöüΓöüΓöüΓöüΓöüΓöüΓöüΓöüΓöü[0m [1m5s[0m 140ms/step - accuracy: 1.0000 - loss: 2.8534e-06
[1m 5/44[0m [32mΓöüΓöü[0m[37mΓöüΓöüΓöüΓöüΓöüΓöüΓöüΓöüΓöüΓöüΓöüΓöüΓöüΓöüΓöüΓöüΓöüΓöü[0m [1m5s[0m 136ms/step - accuracy: 1.0000 - loss: 2.9516e-06
[1m 6/44[0m [32mΓöüΓöü[0m[37mΓöüΓöüΓöüΓöüΓöüΓöüΓöüΓöüΓöüΓöüΓöüΓöüΓöüΓöüΓöüΓöüΓöüΓöü[0m [1m5s[0m 136ms/step - accuracy: 1.0000 - loss: 2.9487e-06
[1m 7/44[0m [32mΓöüΓöüΓöü[0m[37mΓöüΓöüΓöüΓöüΓöüΓöüΓöüΓöüΓöüΓöüΓöüΓöüΓöüΓöüΓöüΓöüΓöü[0m [1m4s[0m 135ms/step - accuracy: 1.0000 - loss: 2.9028e-06
[1m 8/44[0m [32mΓöüΓöüΓöü[0m[37mΓöüΓöüΓöüΓöüΓöüΓöüΓöüΓöüΓöüΓöüΓöüΓöüΓöüΓöüΓöüΓöüΓöü[0m [1m4s[0m 137ms/step - accuracy: 1.0000 - loss: 2.8301e-06
[1m 9/44[0m [32mΓöüΓöüΓöüΓöü[0m[37mΓöüΓöüΓöüΓöüΓöüΓöüΓöüΓöüΓöüΓöüΓöüΓöüΓöüΓöüΓöüΓöü[0m [1m4s[0m 137ms/step - accuracy: 1.0000 - loss: 2.7460e-06
[1m10/44[0m [32mΓöüΓöüΓöüΓöü[0m[37mΓöüΓöüΓöüΓöüΓöüΓöüΓöüΓöüΓöüΓöüΓöüΓöüΓöüΓöüΓöüΓöü[0m [1m4s[0m 134ms/step - accuracy: 1.0000 - loss: 4.3432e-06
[1m11/44[0m [32mΓöüΓöüΓöüΓöüΓöü[0m[37mΓöüΓöüΓöüΓöüΓöüΓöüΓöüΓöüΓöüΓöüΓöüΓöüΓöüΓöüΓöü[0m [1m4s[0m 131ms/step - accuracy: 1.0000 - loss: 5.4956e-06
[1m12/44[0m [32mΓöüΓöüΓöüΓöüΓöü[0m[37mΓöüΓöüΓöüΓöüΓöüΓöüΓöüΓöüΓöüΓöüΓöüΓöüΓöüΓöüΓöü[0m [1m4s[0m 130ms/step - accuracy: 1.0000 - loss: 6.3663e-06
[1m13/44[0m [32mΓöüΓöüΓöüΓöüΓöü[0m[37mΓöüΓöüΓöüΓöüΓöüΓöüΓöüΓöüΓöüΓöüΓöüΓöüΓöüΓöüΓöü[0m [1m4s[0m 130ms/step - accuracy: 1.0000 - loss: 7.0095e-06
[1m14/44[0m [32mΓöüΓöüΓöüΓöüΓöüΓöü[0m[37mΓöüΓöüΓöüΓöüΓöüΓöüΓöüΓöüΓöüΓöüΓöüΓöüΓöüΓöü[0m [1m3s[0m 129ms/step - accuracy: 1.0000 - loss: 7.4857e-06
[1m15/44[0m [32mΓöüΓöüΓöüΓöüΓöüΓöü[0m[37mΓöüΓöüΓöüΓöüΓöüΓöüΓöüΓöüΓöüΓöüΓöüΓöüΓöüΓöü[0m [1m3s[0m 128ms/step - accuracy: 1.0000 - loss: 7.8398e-06
[1m16/44[0m [32mΓöüΓöüΓöüΓöüΓöüΓöüΓöü[0m[37mΓöüΓöüΓöüΓöüΓöüΓöüΓöüΓöüΓöüΓöüΓöüΓöüΓöü[0m [1m3s[0m 127ms/step - accuracy: 1.0000 - loss: 8.1019e-06
[1m17/44[0m [32mΓöüΓöüΓöüΓöüΓöüΓöüΓöü[0m[37mΓöüΓöüΓöüΓöüΓöüΓöüΓöüΓöüΓöüΓöüΓöüΓöüΓöü[0m [1m3s[0m 126ms/step - accuracy: 1.0000 - loss: 8.2934e-06
[1m18/44[0m [32mΓöüΓöüΓöüΓöüΓöüΓöüΓöüΓöü[0m[37mΓöüΓöüΓöüΓöüΓöüΓöüΓöüΓöüΓöüΓöüΓöüΓöü[0m [1m3s[0m 125ms/step - accuracy: 1.0000 - loss: 8.4287e-06
[1m19/44[0m [32mΓöüΓöüΓöüΓöüΓöüΓöüΓöüΓöü[0m[37mΓöüΓöüΓöüΓöüΓöüΓöüΓöüΓöüΓöüΓöüΓöüΓöü[0m [1m3s[0m 124ms/step - accuracy: 1.0000 - loss: 8.5350e-06
[1m20/44[0m [32mΓöüΓöüΓöüΓöüΓöüΓöüΓöüΓöüΓöü[0m[37mΓöüΓöüΓöüΓöüΓöüΓöüΓöüΓöüΓöüΓöüΓöü[0m [1m2s[0m 124ms/step - accuracy: 1.0000 - loss: 8.6058e-06
[1m21/44[0m [32mΓöüΓöüΓöüΓöüΓöüΓöüΓöüΓöüΓöü[0m[37mΓöüΓöüΓöüΓöüΓöüΓöüΓöüΓöüΓöüΓöüΓöü[0m [1m2s[0m 124ms/step - accuracy: 1.0000 - loss: 8.6501e-06
[1m22/44[0m [32mΓöüΓöüΓöüΓöüΓöüΓöüΓöüΓöüΓöüΓöü[0m[37mΓöüΓöüΓöüΓöüΓöüΓöüΓöüΓöüΓöüΓöü[0m [1m2s[0m 123ms/step - accuracy: 1.0000 - loss: 8.6707e-06
[1m23/44[0m [32mΓöüΓöüΓöüΓöüΓöüΓöüΓöüΓöüΓöüΓöü[0m[37mΓöüΓöüΓöüΓöüΓöüΓöüΓöüΓöüΓöüΓöü[0m [1m2s[0m 123ms/step - accuracy: 1.0000 - loss: 8.6734e-06
[1m24/44[0m [32mΓöüΓöüΓöüΓöüΓöüΓöüΓöüΓöüΓöüΓöü[0m[37mΓöüΓöüΓöüΓöüΓöüΓöüΓöüΓöüΓöüΓöü[0m [1m2s[0m 123ms/step - accuracy: 1.0000 - loss: 8.6979e-06
[1m25/44[0m [32mΓöüΓöüΓöüΓöüΓöüΓöüΓöüΓöüΓöüΓöüΓöü[0m[37mΓöüΓöüΓöüΓöüΓöüΓöüΓöüΓöüΓöü[0m [1m2s[0m 122ms/step - accuracy: 1.0000 - loss: 8.7071e-06
[1m26/44[0m [32mΓöüΓöüΓöüΓöüΓöüΓöüΓöüΓöüΓöüΓöüΓöü[0m[37mΓöüΓöüΓöüΓöüΓöüΓöüΓöüΓöüΓöü[0m [1m2s[0m 122ms/step - accuracy: 1.0000 - loss: 8.7125e-06
[1m27/44[0m [32mΓöüΓöüΓöüΓöüΓöüΓöüΓöüΓöüΓöüΓöüΓöüΓöü[0m[37mΓöüΓöüΓöüΓöüΓöüΓöüΓöüΓöü[0m [1m2s[0m 122ms/step - accuracy: 1.0000 - loss: 8.7055e-06
[1m28/44[0m [32mΓöüΓöüΓöüΓöüΓöüΓöüΓöüΓöüΓöüΓöüΓöüΓöü[0m[37mΓöüΓöüΓöüΓöüΓöüΓöüΓöüΓöü[0m [1m1s[0m 122ms/step - accuracy: 1.0000 - loss: 8.6885e-06
[1m29/44[0m [32mΓöüΓöüΓöüΓöüΓöüΓöüΓöüΓöüΓöüΓöüΓöüΓöüΓöü[0m[37mΓöüΓöüΓöüΓöüΓöüΓöüΓöü[0m [1m1s[0m 122ms/step - accuracy: 1.0000 - loss: 8.6633e-06
[1m30/44[0m [32mΓöüΓöüΓöüΓöüΓöüΓöüΓöüΓöüΓöüΓöüΓöüΓöüΓöü[0m[37mΓöüΓöüΓöüΓöüΓöüΓöüΓöü[0m [1m1s[0m 122ms/step - accuracy: 1.0000 - loss: 8.7121e-06
[1m31/44[0m [32mΓöüΓöüΓöüΓöüΓöüΓöüΓöüΓöüΓöüΓöüΓöüΓöüΓöüΓöü[0m[37mΓöüΓöüΓöüΓöüΓöüΓöü[0m [1m1s[0m 121ms/step - accuracy: 1.0000 - loss: 8.7473e-06
[1m32/44[0m [32mΓöüΓöüΓöüΓöüΓöüΓöüΓöüΓöüΓöüΓöüΓöüΓöüΓöüΓöü[0m[37mΓöüΓöüΓöüΓöüΓöüΓöü[0m [1m1s[0m 121ms/step - accuracy: 1.0000 - loss: 8.7709e-06
[1m33/44[0m [32mΓöüΓöüΓöüΓöüΓöüΓöüΓöüΓöüΓöüΓöüΓöüΓöüΓöüΓöüΓöü[0m[37mΓöüΓöüΓöüΓöüΓöü[0m [1m1s[0m 121ms/step - accuracy: 1.0000 - loss: 8.7848e-06
[1m34/44[0m [32mΓöüΓöüΓöüΓöüΓöüΓöüΓöüΓöüΓöüΓöüΓöüΓöüΓöüΓöüΓöü[0m[37mΓöüΓöüΓöüΓöüΓöü[0m [1m1s[0m 121ms/step - accuracy: 1.0000 - loss: 8.7899e-06
[1m35/44[0m [32mΓöüΓöüΓöüΓöüΓöüΓöüΓöüΓöüΓöüΓöüΓöüΓöüΓöüΓöüΓöü[0m[37mΓöüΓöüΓöüΓöüΓöü[0m [1m1s[0m 121ms/step - accuracy: 1.0000 - loss: 8.7874e-06
[1m36/44[0m [32mΓöüΓöüΓöüΓöüΓöüΓöüΓöüΓöüΓöüΓöüΓöüΓöüΓöüΓöüΓöüΓöü[0m[37mΓöüΓöüΓöüΓöü[0m [1m0s[0m 121ms/step - accuracy: 1.0000 - loss: 8.7788e-06
[1m37/44[0m [32mΓöüΓöüΓöüΓöüΓöüΓöüΓöüΓöüΓöüΓöüΓöüΓöüΓöüΓöüΓöüΓöü[0m[37mΓöüΓöüΓöüΓöü[0m [1m0s[0m 121ms/step - accuracy: 1.0000 - loss: 8.7646e-06
[1m38/44[0m [32mΓöüΓöüΓöüΓöüΓöüΓöüΓöüΓöüΓöüΓöüΓöüΓöüΓöüΓöüΓöüΓöüΓöü[0m[37mΓöüΓöüΓöü[0m [1m0s[0m 121ms/step - accuracy: 1.0000 - loss: 8.7455e-06
[1m39/44[0m [32mΓöüΓöüΓöüΓöüΓöüΓöüΓöüΓöüΓöüΓöüΓöüΓöüΓöüΓöüΓöüΓöüΓöü[0m[37mΓöüΓöüΓöü[0m [1m0s[0m 121ms/step - accuracy: 1.0000 - loss: 8.7223e-06
[1m40/44[0m [32mΓöüΓöüΓöüΓöüΓöüΓöüΓöüΓöüΓöüΓöüΓöüΓöüΓöüΓöüΓöüΓöüΓöüΓöü[0m[37mΓöüΓöü[0m [1m0s[0m 121ms/step - accuracy: 1.0000 - loss: 8.6981e-06
[1m41/44[0m [32mΓöüΓöüΓöüΓöüΓöüΓöüΓöüΓöüΓöüΓöüΓöüΓöüΓöüΓöüΓöüΓöüΓöüΓöü[0m[37mΓöüΓöü[0m [1m0s[0m 121ms/step - accuracy: 1.0000 - loss: 8.6720e-06
[1m42/44[0m [32mΓöüΓöüΓöüΓöüΓöüΓöüΓöüΓöüΓöüΓöüΓöüΓöüΓöüΓöüΓöüΓöüΓöüΓöüΓöü[0m[37mΓöü[0m [1m0s[0m 121ms/step - accuracy: 1.0000 - loss: 8.6430e-06
[1m43/44[0m [32mΓöüΓöüΓöüΓöüΓöüΓöüΓöüΓöüΓöüΓöüΓöüΓöüΓöüΓöüΓöüΓöüΓöüΓöüΓöü[0m[37mΓöü[0m [1m0s[0m 121ms/step - accuracy: 1.0000 - loss: 8.6114e-06
[1m44/44[0m [32mΓöüΓöüΓöüΓöüΓöüΓöüΓöüΓöüΓöüΓöüΓöüΓöüΓöüΓöüΓöüΓöüΓöüΓöüΓöüΓöü[0m[37m[0m [1m0s[0m 120ms/step - accuracy: 1.0000 - loss: 8.5805e-06
Epoch 9: ReduceLROnPlateau reducing learning rate to 0.0002500000118743628.

Epoch 9: val_accuracy did not improve from 1.00000

[1m44/44[0m [32mΓöüΓöüΓöüΓöüΓöüΓöüΓöüΓöüΓöüΓöüΓöüΓöüΓöüΓöüΓöüΓöüΓöüΓöüΓöüΓöü[0m[37m[0m [1m6s[0m 139ms/step - accuracy: 1.0000 - loss: 7.2546e-06 - val_accuracy: 1.0000 - val_loss: 4.1521e-14 - learning_rate: 5.0000e-04
Epoch 9: early stopping
Restoring model weights from the end of the best epoch: 1.

[INFO] Training history plot saved ΓåÆ C:\Users\gkdha\DS\ASSIGNMENT\output\training_history.png

[INFO] Loading best checkpoint from:
       C:\Users\gkdha\DS\ASSIGNMENT\output\skin_lesion_model.keras

============================================================
  MODEL EVALUATION ON TEST SET
============================================================

[1m 1/10[0m [32mΓöüΓöü[0m[37mΓöüΓöüΓöüΓöüΓöüΓöüΓöüΓöüΓöüΓöüΓöüΓöüΓöüΓöüΓöüΓöüΓöüΓöü[0m [1m7s[0m 821ms/step
[1m 2/10[0m [32mΓöüΓöüΓöüΓöü[0m[37mΓöüΓöüΓöüΓöüΓöüΓöüΓöüΓöüΓöüΓöüΓöüΓöüΓöüΓöüΓöüΓöü[0m [1m0s[0m 101ms/step
[1m 3/10[0m [32mΓöüΓöüΓöüΓöüΓöüΓöü[0m[37mΓöüΓöüΓöüΓöüΓöüΓöüΓöüΓöüΓöüΓöüΓöüΓöüΓöüΓöü[0m [1m0s[0m 102ms/step
[1m 4/10[0m [32mΓöüΓöüΓöüΓöüΓöüΓöüΓöüΓöü[0m[37mΓöüΓöüΓöüΓöüΓöüΓöüΓöüΓöüΓöüΓöüΓöüΓöü[0m [1m0s[0m 99ms/step 
[1m 5/10[0m [32mΓöüΓöüΓöüΓöüΓöüΓöüΓöüΓöüΓöüΓöü[0m[37mΓöüΓöüΓöüΓöüΓöüΓöüΓöüΓöüΓöüΓöü[0m [1m0s[0m 97ms/step
[1m 6/10[0m [32mΓöüΓöüΓöüΓöüΓöüΓöüΓöüΓöüΓöüΓöüΓöüΓöü[0m[37mΓöüΓöüΓöüΓöüΓöüΓöüΓöüΓöü[0m [1m0s[0m 98ms/step
[1m 7/10[0m [32mΓöüΓöüΓöüΓöüΓöüΓöüΓöüΓöüΓöüΓöüΓöüΓöüΓöüΓöü[0m[37mΓöüΓöüΓöüΓöüΓöüΓöü[0m [1m0s[0m 96ms/step
[1m 8/10[0m [32mΓöüΓöüΓöüΓöüΓöüΓöüΓöüΓöüΓöüΓöüΓöüΓöüΓöüΓöüΓöüΓöü[0m[37mΓöüΓöüΓöüΓöü[0m [1m0s[0m 93ms/step
[1m 9/10[0m [32mΓöüΓöüΓöüΓöüΓöüΓöüΓöüΓöüΓöüΓöüΓöüΓöüΓöüΓöüΓöüΓöüΓöüΓöü[0m[37mΓöüΓöü[0m [1m0s[0m 91ms/step
[1m10/10[0m [32mΓöüΓöüΓöüΓöüΓöüΓöüΓöüΓöüΓöüΓöüΓöüΓöüΓöüΓöüΓöüΓöüΓöüΓöüΓöüΓöü[0m[37m[0m [1m0s[0m 152ms/step
[1m10/10[0m [32mΓöüΓöüΓöüΓöüΓöüΓöüΓöüΓöüΓöüΓöüΓöüΓöüΓöüΓöüΓöüΓöüΓöüΓöüΓöüΓöü[0m[37m[0m [1m2s[0m 153ms/step

  Metric                         Score
  ΓöÇΓöÇΓöÇΓöÇΓöÇΓöÇΓöÇΓöÇΓöÇΓöÇΓöÇΓöÇΓöÇΓöÇΓöÇΓöÇΓöÇΓöÇΓöÇΓöÇΓöÇΓöÇΓöÇΓöÇΓöÇΓöÇΓöÇΓöÇΓöÇΓöÇΓöÇΓöÇΓöÇΓöÇΓöÇΓöÇΓöÇ
  Accuracy                     100.00%
  Precision (weighted)         100.00%
  Recall (weighted)            100.00%
  F1-Score (weighted)          100.00%

  Γ£à  TARGET MET: Accuracy 100.00% ΓëÑ 95%

  Full Classification Report:
              precision    recall  f1-score   support

    Abnormal       1.00      1.00      1.00       150
      Normal       1.00      1.00      1.00       150

    accuracy                           1.00       300
   macro avg       1.00      1.00      1.00       300
weighted avg       1.00      1.00      1.00       300

[INFO] Confusion matrix saved ΓåÆ C:\Users\gkdha\DS\ASSIGNMENT\output\confusion_matrix.png

============================================================
  SAMPLE PREDICTIONS (from test set)
============================================================
[INFO] Sample predictions grid saved ΓåÆ C:\Users\gkdha\DS\ASSIGNMENT\output\sample_predictions.png

============================================================
  JUSTIFICATION: WHY THIS MODEL ACHIEVES ΓëÑ95% ACCURACY
============================================================

  1. TRANSFER LEARNING (MobileNetV2 + ImageNet Weights)
     The backbone was pre-trained on 1.28M diverse images, giving it
     robust low-level feature detectors (edges, textures, color gradients)
     that transfer directly to recognizing skin lesion patterns.

  2. CORRECT ImageNet PREPROCESSING
     preprocess_input() scales pixels to [-1, +1] ΓÇö matching EXACTLY the
     normalization used during ImageNet training. Without this, frozen
     layer outputs are meaningless. This single step is the difference
     between a converging and a stalled model.

  3. SELECTIVE FINE-TUNING (Top 30 Backbone Layers)
     Lower layers encode universal features (edges, corners) that need no
     retraining. Unfreezing only the top 30 layers allows the model to
     adapt high-level feature detectors to dermatology without destroying
     the foundation of ImageNet knowledge.

  4. DATA AUGMENTATION
     Random flips, brightness/contrast/saturation jitter, and zoom-crop
     create effectively unlimited visual variation from a fixed dataset.
     This forces the model to learn intrinsic shape/color features rather
     than memorizing specific image positions or lighting conditions.

  5. CLASS-BALANCED TRAINING
     Automatically computed class weights ensure both Normal and Abnormal
     classes contribute equally to gradient updates ΓÇö preventing trivial
     majority-class prediction.

  6. ADAPTIVE LEARNING RATE + EARLY STOPPING
     ReduceLROnPlateau halves the learning rate when val_loss plateaus
     ΓåÆ finer convergence near optimal minima.
     EarlyStopping with restore_best_weights always recovers the best
     checkpoint, preventing accuracy regression at later epochs.

  7. EFFICIENTNET-CLASS EFFICIENCY (MobileNetV2)
     Depthwise separable convolutions give competitive accuracy at a
     fraction of the compute cost, enabling faster iteration and more
     epochs within CPU time constraints.


============================================================
  PIPELINE COMPLETE - All outputs saved in:
  Folder: C:\Users\gkdha\DS\ASSIGNMENT\output
  - training_history.png   - Epoch vs Loss/Accuracy curves
  - confusion_matrix.png   - Classification performance
  - sample_predictions.png - Visual prediction samples
  - skin_lesion_model.keras - Best trained model
============================================================

[DEMO] Prediction on a sample test image:

  ΓöîΓöÇ Prediction: abnormal_0000.jpg
  Γöé  Label      : Abnormal
  Γöé  P(class_1) : 0.0000
  ΓööΓöÇ Confidence : 100.0%
